0000000000000000 a __start__
0000000000000000 T _start
0000000000000000 b _TLS_MODULE_BASE_
0000000000000000 0000000000000004 b fsdev_last_result
0000000000000004 0000000000000004 b g_fsPriority
0000000000000008 0000000000000401 B __nx_dev_path_buf
00000000000000e0 T __nx_exit
00000000000000f0 T __nx_mod0
0000000000000130 0000000000000034 T exit
0000000000000170 0000000000000098 T main
0000000000000210 t __do_global_dtors_aux
0000000000000260 t frame_dummy
0000000000000290 0000000000000024 t _appletInfiniteSleepLoop
00000000000002c0 0000000000000108 t _appletCmdGetSession
00000000000003d0 00000000000000cc t _appletCmdInU8NoOut
00000000000004a0 0000000000000104 t _appletGetLaunchReason
00000000000005b0 00000000000000e4 t _appletSetFocusHandlingMode
00000000000006a0 00000000000000cc t _appletCmdInU32NoOut
0000000000000770 0000000000000138 t _appletGetSessionProxy.constprop.0
00000000000008b0 0000000000000154 t _appletOpenLibraryAppletProxy.constprop.0
0000000000000a10 00000000000000d0 t _appletCmdGetHandle.constprop.0.isra.0
0000000000000ae0 00000000000000d4 t _appletCmdNoInOutU8.isra.0
0000000000000bc0 00000000000000d4 t _appletCmdNoInOutU32.isra.0
0000000000000ca0 00000000000000d4 t _appletCmdNoInOutU64.isra.0
0000000000000d80 00000000000000c0 t _appletCmdNoIO.isra.0
0000000000000e40 0000000000000010 T appletGetAppletType
0000000000000e50 0000000000000114 T appletSetFocusHandlingMode
0000000000000f70 000000000000005c T appletSetCpuBoostMode
0000000000000fd0 000000000000002c T appletCreateManagedDisplayLayer
0000000000001000 000000000000000c T appletGetAppletResourceUserId
0000000000001010 00000000000000f4 t _appletGetIndirectLayerConsumerHandle
0000000000001110 0000000000000088 t _appletHolderCreateState
00000000000011a0 00000000000000ac T appletHolderClose
0000000000001250 0000000000000024 T appletHolderGetLibraryAppletInfo
0000000000001280 0000000000000090 T appletNotifyRunning
0000000000001310 000000000000008c T appletSetGamePlayRecordingState
00000000000013a0 0000000000000ad4 t _appletCleanup
0000000000001e80 0000000000000044 T appletExit
0000000000001ed0 0000000000000040 T appletGetLibraryAppletInfo
0000000000001f10 0000000000000a94 T appletInitialize
00000000000029b0 0000000000000024 t _appletExitProcess
00000000000029e0 0000000000000074 T appletGetMessage
0000000000002a60 000000000000028c T appletProcessMessage
0000000000002cf0 0000000000000034 T appletMainLoop
0000000000002d30 0000000000000014 T hosversionGet
0000000000002d50 0000000000000010 T hosversionSet
0000000000002d60 0000000000000208 T envSetup
0000000000002f70 0000000000000020 T envGetMainThreadHandle
0000000000002f90 000000000000000c T envIsNso
0000000000002fa0 0000000000000014 T envHasHeapOverride
0000000000002fc0 000000000000000c T envGetHeapOverrideAddr
0000000000002fd0 000000000000000c T envGetHeapOverrideSize
0000000000002fe0 0000000000000014 T envHasArgv
0000000000003000 000000000000000c T envGetArgv
0000000000003010 000000000000000c T envGetExitFuncPtr
0000000000003020 000000000000000c T envSetExitFuncPtr
0000000000003030 000000000000000c T envHasRandomSeed
0000000000003040 0000000000000010 T envGetRandomSeed
0000000000003050 000000000000005c t _padUpdateWithCommonState
00000000000030b0 000000000000009c T padConfigureInput
0000000000003150 0000000000000024 T padInitializeWithMask
0000000000003180 0000000000000240 T padUpdate
00000000000033c0 000000000000001c W diagAbortWithResult
00000000000033e0 0000000000000048 t consoleDrawChar
0000000000003430 000000000000020c t parseColor
0000000000003640 00000000000000b0 t consoleNewRow
00000000000036f0 0000000000000c98 t con_write
0000000000004390 0000000000000154 T consoleInit
00000000000044f0 0000000000000048 T consoleExit
0000000000004540 000000000000002c T consoleUpdate
0000000000004570 00000000000001c8 t ConsoleSwRenderer_drawChar
0000000000004740 00000000000000f8 t ConsoleSwRenderer_init
0000000000004840 0000000000000070 t ConsoleSwRenderer_flushAndSwap
00000000000048b0 00000000000000d0 t ConsoleSwRenderer_scrollWindow
0000000000004980 000000000000004c t ConsoleSwRenderer_deinit
00000000000049d0 000000000000000c W getDefaultConsoleRenderer
00000000000049dc T svcSetHeapSize
00000000000049f0 T svcSetMemoryPermission
00000000000049f8 T svcSetMemoryAttribute
0000000000004a00 T svcUnmapMemory
0000000000004a08 T svcQueryMemory
0000000000004a1c T svcExitProcess
0000000000004a24 T svcSleepThread
0000000000004a2c T svcMapSharedMemory
0000000000004a34 T svcUnmapSharedMemory
0000000000004a3c T svcCreateTransferMemory
0000000000004a50 T svcCloseHandle
0000000000004a58 T svcResetSignal
0000000000004a60 T svcWaitSynchronization
0000000000004a74 T svcArbitrateLock
0000000000004a7c T svcArbitrateUnlock
0000000000004a84 T svcWaitProcessWideKeyAtomic
0000000000004a8c T svcSignalProcessWideKey
0000000000004a94 T svcConnectToNamedPort
0000000000004aa8 T svcSendSyncRequest
0000000000004ab0 T svcBreak
0000000000004ab8 T svcReturnFromException
0000000000004ac0 T svcGetInfo
0000000000004ad4 T svcUnmapTransferMemory
0000000000004ae0 0000000000000524 T waitObjects
0000000000005010 00000000000000a8 T tmemCreate
00000000000050c0 0000000000000034 T tmemUnmap
0000000000005100 0000000000000038 T tmemCloseHandle
0000000000005140 00000000000000f0 T tmemWaitForPermission
0000000000005230 0000000000000054 T tmemClose
0000000000005290 0000000000000080 T mutexLock
0000000000005310 0000000000000068 T mutexUnlock
0000000000005380 000000000000001c T mutexIsLockedByCurrentThread
00000000000053a0 000000000000004c T rmutexLock
00000000000053f0 000000000000001c T rmutexUnlock
0000000000005410 0000000000000064 t _memregionInitWithInfo
0000000000005480 0000000000000004 W __libnx_virtmem_rng
0000000000005490 000000000000016c t _memregionFindRandom
0000000000005600 0000000000000120 T virtmemSetup
0000000000005720 000000000000000c T virtmemLock
0000000000005730 000000000000000c T virtmemUnlock
0000000000005740 0000000000000050 T virtmemFindAslr
0000000000005790 000000000000000c T eventLoadRemote
00000000000057a0 0000000000000038 T eventWait
00000000000057e0 0000000000000050 T eventClose
0000000000005830 00000000000003d4 T randomGet
0000000000005c10 0000000000000020 T randomGet64
0000000000005c30 00000000000000c0 t _apmCleanup
0000000000005cf0 00000000000000fc t _apmCmdGetSession.constprop.0
0000000000005df0 00000000000000a0 T apmInitialize
0000000000005e90 0000000000000044 T apmExit
0000000000005ee0 00000000000000c8 T apmSetPerformanceConfiguration
0000000000005fb0 00000000000000d0 t _smCmifCmdInPid
0000000000006080 0000000000000068 t _smCleanup
00000000000060f0 0000000000000048 T smAddOverrideHandle
0000000000006140 0000000000000054 T smGetServiceOverride
00000000000061a0 00000000000001c0 T smInitialize
0000000000006360 0000000000000044 T smExit
00000000000063b0 00000000000000d0 T smGetServiceOriginal
0000000000006480 0000000000000120 T smGetServiceWrapper
00000000000065a0 0000000000000108 t _hidCleanup
00000000000066b0 00000000000000d8 t _hidCmdInAruidNoOut
0000000000006790 00000000000000e4 t _hidCmdInU32AruidNoOut
0000000000006880 00000000000001a8 t _hidGetStates
0000000000006a30 0000000000000114 t _hidCreateAppletResource.constprop.0
0000000000006b50 00000000000000c8 t _hidCmdGetHandle.constprop.0
0000000000006c20 00000000000000dc T hidInitialize
0000000000006d00 0000000000000044 T hidExit
0000000000006d50 000000000000000c T hidGetSharedmemAddr
0000000000006d60 0000000000000094 T hidGetNpadStyleSet
0000000000006e00 000000000000006c T hidInitializeNpad
0000000000006e70 00000000000000ac T hidGetNpadStatesFullKey
0000000000006f20 00000000000000ac T hidGetNpadStatesHandheld
0000000000006fd0 00000000000000ac T hidGetNpadStatesJoyDual
0000000000007080 00000000000000ac T hidGetNpadStatesJoyLeft
0000000000007130 00000000000000ac T hidGetNpadStatesJoyRight
00000000000071e0 0000000000000164 T hidGetNpadStatesGc
0000000000007350 00000000000000b0 T hidGetNpadStatesSystemExt
0000000000007400 0000000000000008 T hidSetSupportedNpadStyleSet
0000000000007410 0000000000000100 T hidSetSupportedNpadIdType
0000000000007510 000000000000008c T framebufferMakeLinear
00000000000075a0 0000000000000080 T framebufferClose
0000000000007620 00000000000002b0 T framebufferCreate
00000000000078d0 0000000000000088 T framebufferBegin
0000000000007960 000000000000018c T framebufferEnd
0000000000007af0 000000000000000c T nwindowGetDefault
0000000000007b00 00000000000000b0 T __nx_win_init
0000000000007bb0 0000000000000034 T __nx_win_exit
0000000000007bf0 0000000000000024 T nwindowIsValid
0000000000007c20 000000000000007c T nwindowClose
0000000000007ca0 00000000000000f4 T nwindowCreate
0000000000007da0 0000000000000034 T nwindowCreateFromLayer
0000000000007de0 0000000000000084 T nwindowSetDimensions
0000000000007e70 000000000000018c T nwindowConfigureBuffer
0000000000008000 00000000000001e0 T nwindowDequeueBuffer
00000000000081e0 000000000000013c T nwindowQueueBuffer
0000000000008320 0000000000000094 T nwindowReleaseBuffers
00000000000083c0 0000000000000154 T __nx_dynamic
0000000000008520 00000000000000d4 W __libnx_initheap
0000000000008600 00000000000000ec W __appInit
00000000000086f0 0000000000000044 W __appExit
0000000000008740 000000000000002c W __libnx_init
0000000000008770 0000000000000020 W __libnx_exit
0000000000008790 0000000000000004 W __libnx_alloc
00000000000087a0 0000000000000014 W __libnx_aligned_alloc
00000000000087c0 0000000000000004 W __libnx_free
00000000000087d0 000000000000001c T __syscall_exit
00000000000087f0 0000000000000034 T __syscall_getreent
0000000000008830 0000000000000004 T __syscall_lock_acquire
0000000000008840 0000000000000004 T __syscall_lock_release
0000000000008850 0000000000000004 T __syscall_lock_acquire_recursive
0000000000008860 0000000000000004 T __syscall_lock_release_recursive
0000000000008870 0000000000000238 T __libnx_init_time
0000000000008ab0 000000000000009c T newlibSetup
0000000000008b50 00000000000002f8 W argvSetup
0000000000008e50 0000000000000014 t fsdev_link
0000000000008e70 0000000000000014 t fsdev_dirreset
0000000000008e90 0000000000000014 t fsdev_chmod
0000000000008eb0 0000000000000018 t error_cmp
0000000000008ed0 0000000000000020 t fsdev_dirclose
0000000000008ef0 000000000000001c t fsdev_close
0000000000008f10 0000000000000080 t fsdev_converttimetoutc
0000000000008f90 00000000000000e0 t fsdevFindDevice.part.0
0000000000009070 00000000000001c0 t fsdev_fixpath
0000000000009230 00000000000000a0 t _fsdevUnmountDeviceStruct.part.0
00000000000092d0 0000000000000014 t fsdev_fchmod
00000000000092f0 0000000000000108 t fsdev_diropen
0000000000009400 00000000000000fc t fsdev_statvfs
0000000000009500 000000000000007c t fsdev_fsync
0000000000009580 00000000000000f4 t fsdev_fstat
0000000000009680 0000000000000094 t fsdev_ftruncate
0000000000009720 00000000000001fc t fsdev_stat
0000000000009920 000000000000014c t fsdev_rename
0000000000009a70 0000000000000140 t fsdev_chdir
0000000000009bb0 00000000000000a4 t fsdev_mkdir
0000000000009c60 00000000000000a4 t fsdev_unlink
0000000000009d10 00000000000000a4 t fsdev_rmdir
0000000000009dc0 0000000000000144 t fsdev_write_safe
0000000000009f10 000000000000013c t fsdev_read_safe
000000000000a050 0000000000000100 t fsdev_read
000000000000a150 00000000000001b8 t fsdev_dirnext
000000000000a310 0000000000000124 t fsdev_write
000000000000a440 00000000000000ec t fsdev_seek
000000000000a530 0000000000000244 t fsdev_open
000000000000a780 0000000000000224 T fsdevMountDevice
000000000000a9b0 0000000000000040 T fsdevMountSdmc
000000000000a9f0 00000000000000c0 T __libnx_init_cwd
000000000000aab0 0000000000000064 T fsdevUnmountAll
000000000000ab20 000000000000012c T decode_utf8
000000000000ac4c T armDCacheFlush
000000000000ac7c t armDCacheFlush_L0
000000000000ac98 W __libnx_exception_entry
000000000000ad24 t __libnx_exception_entry_start
000000000000ae4c t __libnx_exception_entry_abort
000000000000ae50 t __libnx_exception_entry_end
000000000000ae58 T __libnx_exception_returnentry
000000000000ae70 T __aarch64_read_tp
000000000000ae80 0000000000000014 T shmemLoadRemote
000000000000aea0 0000000000000088 T shmemMap
000000000000af30 0000000000000034 T shmemUnmap
000000000000af70 0000000000000044 T shmemClose
000000000000afc0 0000000000000064 T condvarWaitTimeout
000000000000b030 00000000000000b0 T __libnx_init_thread
000000000000b0e0 00000000000001dc t _viCleanup
000000000000b2c0 0000000000000100 t _viCmdGetSessionNoParams.constprop.0
000000000000b3c0 00000000000000fc t _viCmdGetSession.constprop.0
000000000000b4c0 000000000000028c T viInitialize
000000000000b750 0000000000000044 T viExit
000000000000b7a0 000000000000000c T viGetSession_IHOSBinderDriverRelay
000000000000b7b0 0000000000000110 T viOpenDisplay
000000000000b8c0 00000000000000f4 T viCloseDisplay
000000000000b9c0 00000000000000fc T viCloseLayer
000000000000bac0 0000000000000378 T viCreateLayer
000000000000be40 00000000000000d8 T viSetLayerScalingMode
000000000000bf20 00000000000000d4 t _setsysGetFirmwareVersionImpl
000000000000c000 0000000000000068 t _setsysCleanup
000000000000c070 00000000000000a0 T setsysInitialize
000000000000c110 0000000000000044 T setsysExit
000000000000c160 0000000000000044 T setsysGetFirmwareVersion
000000000000c1b0 00000000000000b4 t _fsCleanup
000000000000c270 00000000000001a8 t _fsCmdNoIO
000000000000c420 00000000000001d8 t _fsFsCmdWithInPath
000000000000c600 00000000000001f4 t _fsFsCmdWithTwoInPaths
000000000000c800 000000000000025c t _fsFsOpenCommon
000000000000ca60 00000000000001ec t _fsFsCmdWithInPathAndOutU64
000000000000cc50 00000000000000f4 t _fsObjectClose
000000000000cd50 00000000000001f4 t _fsCmdGetSession.constprop.0
000000000000cf50 00000000000002f8 T fsInitialize
000000000000d250 0000000000000044 T fsExit
000000000000d2a0 0000000000000008 T fsOpenSdCardFileSystem
000000000000d2b0 00000000000001f0 T fsFsCreateFile
000000000000d4a0 0000000000000008 T fsFsDeleteFile
000000000000d4b0 0000000000000008 T fsFsCreateDirectory
000000000000d4c0 0000000000000008 T fsFsDeleteDirectory
000000000000d4d0 0000000000000008 T fsFsRenameFile
000000000000d4e0 0000000000000008 T fsFsRenameDirectory
000000000000d4f0 00000000000001f0 T fsFsGetEntryType
000000000000d6e0 0000000000000008 T fsFsOpenFile
000000000000d6f0 0000000000000008 T fsFsOpenDirectory
000000000000d700 0000000000000008 T fsFsGetFreeSpace
000000000000d710 0000000000000008 T fsFsGetTotalSpace
000000000000d720 0000000000000230 T fsFsGetFileTimeStampRaw
000000000000d950 0000000000000004 T fsFsClose
000000000000d960 0000000000000218 T fsFileRead
000000000000db80 0000000000000200 T fsFileWrite
000000000000dd80 0000000000000008 T fsFileFlush
000000000000dd90 00000000000001b8 T fsFileSetSize
000000000000dd90 00000000000001b8 t fsFileSetSize.localalias
000000000000df50 00000000000001c4 T fsFileGetSize
000000000000df50 00000000000001c4 t fsFileGetSize.localalias
000000000000e120 0000000000000004 T fsFileClose
000000000000e130 0000000000000004 T fsDirClose
000000000000e140 00000000000001fc T fsDirRead
000000000000e340 00000000000000d0 t _nvSetClientPID
000000000000e410 00000000000000c8 t _nvCleanup
000000000000e4e0 00000000000000d8 t _nvCmdInitialize.constprop.0
000000000000e5c0 000000000000001c W __nx_nv_create_tmem
000000000000e5e0 0000000000000258 T nvInitialize
000000000000e840 0000000000000044 T nvExit
000000000000e890 00000000000000f4 T nvConvertError
000000000000e990 0000000000000118 T nvOpen
000000000000eab0 00000000000002fc T nvIoctl
000000000000edb0 00000000000000d8 T nvClose
000000000000ee90 0000000000000108 T nvQueryEvent
000000000000efa0 0000000000000228 t _timeCleanup
000000000000f1d0 0000000000000100 t _timeCmdGetSession.constprop.0
000000000000f2d0 00000000000000cc t _timeGetSharedMemoryNativeHandle.constprop.0
000000000000f3a0 00000000000000c4 t _timeCmdNoInOutU64.constprop.0.isra.0
000000000000f470 0000000000000110 t _timeReadClockFromSharedMem
000000000000f580 0000000000000238 T timeInitialize
000000000000f7c0 0000000000000044 T timeExit
000000000000f810 0000000000000038 T timeGetServiceSession_SystemClock
000000000000f850 0000000000000068 T timeGetCurrentTime
000000000000f8c0 0000000000000110 T timeToCalendarTimeWithMyRule
000000000000f9d0 0000000000000104 T timeToPosixTimeWithMyRule
000000000000fae0 000000000000007c t _nvFenceCleanup
000000000000fb60 0000000000000098 T nvFenceInit
000000000000fc00 0000000000000044 T nvFenceExit
000000000000fc50 0000000000000240 T nvFenceWait
000000000000fe90 0000000000000074 T nvMultiFenceWait
000000000000ff10 00000000000000b4 T nvMapInit
000000000000ffd0 000000000000006c T nvMapExit
0000000000010040 0000000000000080 T nvMapClose
00000000000100c0 0000000000000154 T nvMapCreate
0000000000010220 0000000000000028 T nvioctlNvhostCtrl_EventSignal
0000000000010250 0000000000000044 T nvioctlNvhostCtrl_EventWait
00000000000102a0 0000000000000030 T nvioctlNvhostCtrl_EventWaitAsync
00000000000102d0 0000000000000028 T nvioctlNvhostCtrl_EventRegister
0000000000010300 0000000000000028 T nvioctlNvhostCtrl_EventUnregister
0000000000010330 0000000000000040 T nvioctlNvmap_Create
0000000000010370 0000000000000038 T nvioctlNvmap_Alloc
00000000000103b0 0000000000000034 T nvioctlNvmap_Free
00000000000103f0 0000000000000040 T nvioctlNvmap_GetId
0000000000010430 00000000000000d8 T bqRequestBuffer
0000000000010510 0000000000000160 T bqDequeueBuffer
0000000000010670 00000000000000dc T bqQueueBuffer
0000000000010750 0000000000000094 T bqCancelBuffer
00000000000107f0 00000000000000e4 T bqConnect
00000000000108e0 000000000000009c T bqDisconnect
0000000000010980 000000000000017c T bqSetPreallocatedBuffer
0000000000010b00 000000000000001c T binderCreate
0000000000010b20 00000000000003d0 T binderTransactParcel
0000000000010ef0 00000000000000e8 T binderConvertErrorCode
0000000000010fe0 0000000000000124 T binderAdjustRefcount
0000000000011110 0000000000000098 T binderInitSession
00000000000111b0 0000000000000068 T binderClose
0000000000011220 0000000000000158 T binderGetNativeHandle
0000000000011380 0000000000000030 T parcelCreate
00000000000113b0 000000000000019c T parcelTransact
0000000000011550 0000000000000088 T parcelWriteData
00000000000115e0 0000000000000098 T parcelReadData
0000000000011680 0000000000000020 T parcelWriteInt32
00000000000116a0 0000000000000020 T parcelWriteUInt32
00000000000116c0 000000000000007c T parcelWriteString16
0000000000011740 0000000000000030 T parcelWriteInterfaceToken
0000000000011770 0000000000000024 T parcelReadInt32
00000000000117a0 0000000000000068 T parcelReadFlattenedObject
0000000000011810 000000000000004c T parcelWriteFlattenedObject
0000000000011860 00000000000000c4 T nxlinkSetup
0000000000011930 0000000000000178 T sessionmgrCreate
0000000000011ab0 0000000000000084 T sessionmgrClose
0000000000011b40 00000000000000b4 T sessionmgrAttachClient
0000000000011c00 0000000000000070 T sessionmgrDetachClient
0000000000011c70 000000000000003c T setenv
0000000000011cb0 00000000000000d0 T _puts_r
0000000000011d80 0000000000000024 T puts
0000000000011db0 00000000000000b8 T bsearch
0000000000011e70 0000000000000254 T _setenv_r
00000000000120d0 00000000000000bc T sscanf
0000000000012190 0000000000000050 T __sread
00000000000121e0 0000000000000008 T __seofread
00000000000121f0 000000000000006c T __swrite
0000000000012260 0000000000000050 T __sseek
00000000000122b0 0000000000000008 T __sclose
00000000000122c0 000000000000000c T __env_lock
00000000000122d0 000000000000000c T __env_unlock
00000000000122e0 000000000000002c T aligned_alloc
0000000000012310 0000000000000250 T setvbuf
0000000000012560 0000000000000004 W __call_exitprocs
0000000000012570 0000000000000124 T _malloc_trim_r
00000000000126a0 00000000000002d8 T _free_r
0000000000012980 0000000000000024 T malloc
00000000000129b0 0000000000000024 T free
00000000000129d4 0000000000000074 t get_arg
0000000000012a48 0000000000002fdc T __ssvfscanf_r
0000000000015a30 000000000000080c T _malloc_r
0000000000016240 00000000000000fc T _findenv_r
0000000000016340 000000000000000c T __malloc_lock
0000000000016350 000000000000000c T __malloc_unlock
0000000000016360 0000000000000200 T __sflush_r
0000000000016560 00000000000000b8 T _fflush_r
0000000000016620 000000000000002c T gmtime
0000000000016650 0000000000000078 T strncat
00000000000166d0 00000000000004cc T __sfvwrite_r
0000000000016ba0 00000000000002a0 T gmtime_r
0000000000016e40 00000000000000a0 T _fwalk_sglue
0000000000016ee0 0000000000000524 T _realloc_r
0000000000017410 0000000000000090 T strncpy
00000000000174a0 000000000000001c t stdio_exit_handler
00000000000174c0 000000000000006c t cleanup_stdio
0000000000017530 0000000000000140 t global_stdio_init.part.0
0000000000017670 000000000000000c T __sfp_lock_acquire
0000000000017680 000000000000000c T __sfp_lock_release
0000000000017690 0000000000000054 T __sinit
00000000000176f0 0000000000000054 t sulp
0000000000017750 0000000000001184 T _strtod_l
00000000000188e0 0000000000000050 T _strtod_r
0000000000018930 000000000000018c t _strtol_l.part.0
0000000000018ac0 0000000000000070 T _strtol_r
0000000000018b30 000000000000002c T realloc
0000000000018b5c 00000000000000d8 T memchr
0000000000018c40 00000000000001a8 t _strtoul_l.isra.0
0000000000018df0 0000000000000044 T _strtoul_r
0000000000018e40 0000000000000048 T strtoul
0000000000018ec0 00000000000001dc T memset
00000000000190a0 000000000000002c T __locale_mb_cur_max
00000000000190d0 0000000000000008 T __localeconv_l
00000000000190e0 0000000000000028 T _localeconv_r
0000000000019140 000000000000016c T memcpy
00000000000192c0 00000000000000e4 T strcmp
00000000000193b0 00000000000000e4 T __utf8_wctomb
00000000000194c0 00000000000000ac T memmove
00000000000195a4 00000000000000e0 T strnlen
0000000000019660 00000000000000dc T strchr
0000000000019740 0000000000000140 T strlen
0000000000019880 00000000000000a4 T stpncpy
000000000001995c 00000000000001b8 T strncmp
0000000000019b20 0000000000000094 T __libc_init_array
0000000000019bc0 0000000000000044 T __libc_fini_array
0000000000019c10 0000000000000014 T __errno
0000000000019c30 000000000000000c T nan
0000000000019c40 000000000000000c T nanf
0000000000019c50 000000000000018c t _strtoll_l.isra.0
0000000000019de0 0000000000000044 T _strtoll_r
0000000000019e30 00000000000001a8 t _strtoull_l.isra.0
0000000000019fe0 0000000000000044 T _strtoull_r
000000000001a030 0000000000000008 T iswspace
000000000001a040 00000000000000f0 T _mbrtowc_r
000000000001a130 0000000000000094 T __swhatbuf_r
000000000001a1d0 0000000000000104 T __smakebuf_r
000000000001a2e0 0000000000000048 T iswspace_l
000000000001a330 0000000000000180 T _memalign_r
000000000001a4b0 00000000000000a8 T sprintf
000000000001a560 00000000000000d4 T __sccl
000000000001a640 0000000000000084 T category
000000000001a6c4 00000000000000f0 T _sungetc_r
000000000001a7b4 0000000000000070 T __ssrefill_r
000000000001a824 00000000000000e0 T _sfread_r
000000000001a910 000000000000012c T __swsetup_r
000000000001aa40 0000000000000118 t rshift
000000000001ab60 0000000000000814 T __gethex
000000000001b380 0000000000000138 T _fclose_r
000000000001b4b8 0000000000000804 t get_arg
000000000001bcbc 0000000000003bac T _svfprintf_r
000000000001f870 0000000000000048 T __match
000000000001f8c0 0000000000000258 T __hexnan
000000000001fb20 000000000000008c T _Balloc
000000000001fbb0 000000000000001c T _Bfree
000000000001fbd0 0000000000000108 T __multadd
000000000001fce0 0000000000000130 T __s2b
000000000001fe10 0000000000000080 T __hi0bits
000000000001fe90 000000000000009c T __lo0bits
000000000001ff30 000000000000004c T __i2b
000000000001ff80 00000000000001e4 T __multiply
0000000000020170 0000000000000100 T __pow5mult
0000000000020270 0000000000000170 T __lshift
00000000000203e0 0000000000000050 T __mcmp
0000000000020430 00000000000001cc T __mdiff
0000000000020600 0000000000000084 T __ulp
0000000000020690 0000000000000168 T __b2d
0000000000020800 000000000000015c T __d2b
0000000000020960 00000000000000ac T __ratio
0000000000020a10 0000000000000068 T __copybits
0000000000020a80 000000000000006c T __any_on
0000000000020af0 00000000000002b8 T __utf8_mbtowc
0000000000020db0 0000000000000078 T frexp
0000000000020e30 00000000000000d8 T _wcrtomb_r
0000000000020f10 0000000000000010 T _wcsrtombs_r
0000000000020f20 00000000000000b8 T __submore
0000000000020fe0 00000000000000c0 T _calloc_r
00000000000210a0 0000000000000064 T __assert_func
0000000000021104 00000000000001bc T __ssprint_r
00000000000212c0 0000000000000084 T fiprintf
0000000000021350 00000000000001a4 t quorem
0000000000021500 0000000000001198 T _dtoa_r
00000000000226a0 00000000000001ac T _wcsnrtombs_l
0000000000022850 0000000000000074 T _wcsnrtombs_r
00000000000228d0 0000000000000018 T abort
00000000000228e8 0000000000000804 t get_arg
00000000000230ec 0000000000000038 T __sprint_r
0000000000023124 0000000000002984 T _vfiprintf_r
0000000000025aa8 00000000000000d0 t __sbprintf
0000000000025b80 00000000000000a4 T _raise_r
0000000000025c30 0000000000000024 T raise
0000000000025c60 0000000000000020 T _exit
0000000000025c80 0000000000000170 T chdir
0000000000025df0 000000000000021c T _concatenate_path
0000000000026010 0000000000000084 T _fstat_r
00000000000260a0 0000000000000014 T _getpid_r
00000000000260c0 0000000000000020 T __getreent
00000000000260e0 0000000000000050 T __get_handle
0000000000026130 00000000000000f0 T _close_r
0000000000026220 0000000000000008 t null_write
0000000000026230 0000000000000018 T setDefaultDevice
0000000000026250 0000000000000114 T FindDevice
0000000000026370 0000000000000034 T RemoveDevice
00000000000263b0 00000000000000c8 T AddDevice
0000000000026480 0000000000000034 T GetDeviceOpTab
00000000000264c0 0000000000000008 T _isatty_r
00000000000264d0 0000000000000014 T _kill_r
00000000000264f0 0000000000000098 T _lseek_r
0000000000026590 00000000000000a4 T _read_r
0000000000026640 0000000000000078 W _sbrk_r
00000000000266c0 0000000000000014 T __libc_lock_acquire
00000000000266e0 0000000000000014 T __libc_lock_release
0000000000026700 0000000000000014 T __libc_lock_acquire_recursive
0000000000026720 0000000000000014 T __libc_lock_release_recursive
0000000000026740 00000000000000a4 T _write_r
00000000000267f0 0000000000000158 t __extenddftf2
0000000000026950 00000000000003c4 t __trunctfdf2
0000000000026d20 0000000000000070 t __sfp_handle_exceptions
0000000000026d90 0000000000000100 T strrchr
0000000000026e90 T _init
0000000000026ec8 T _fini
0000000000029950 0000000000000014 r CSWTCH.529
0000000000029a50 0000000000000018 r grayScale
0000000000029a68 0000000000000006 r colorCube
0000000000029a70 0000000000000030 r colorTable
0000000000029aa0 R default_font_bin
000000000002baa0 R default_font_bin_end
000000000002baa0 0000000000000038 r g_nvColorFmtTable
000000000002bae0 0000000000000020 r error_table
000000000002bb10 0000000000000023 r g_bq_InterfaceDescriptor
000000000002bb80 0000000000000101 R _ctype_
000000000002bdd0 0000000000000022 r basefix.0
000000000002be10 0000000000000014 r fpinan.0
000000000002be28 0000000000000014 r fpi.1
000000000002be40 0000000000000028 r tinytens
000000000002be98 0000000000003528 r categories
000000000002f3c0 0000000000000100 R __hexdig
000000000002f5c0 0000000000000010 r zeroes.0
000000000002f5d0 0000000000000010 r blanks.1
000000000002f5e0 000000000000000c r p05.0
000000000002f5f0 0000000000000028 R __mprec_bigtens
000000000002f618 00000000000000c8 R __mprec_tens
000000000002f6e0 000000000000006c R __action_table
000000000002f750 000000000000006c R __state_table
000000000002f7c0 0000000000000100 R __chclass
000000000002f9c0 0000000000000010 r zeroes.0
000000000002f9d0 0000000000000010 r blanks.1
000000000002f9e0 r __tls_align
000000000002f9e8 r __EH_FRAME_BEGIN__
000000000002f9e8 r __eh_frame_hdr_end
000000000002f9e8 r __eh_frame_hdr_start
000000000003530c r __FRAME_END__
0000000000036000 d __frame_dummy_init_array_entry
0000000000036000 d __init_array_start
0000000000036000 d __preinit_array_end
0000000000036000 d __preinit_array_start
0000000000036000 d __relro_start
0000000000036008 d __do_global_dtors_aux_fini_array_entry
0000000000036008 d __fini_array_start
0000000000036008 d __init_array_end
0000000000036010 d __fini_array_end
0000000000036010 0000000000000100 d dotab_stdout
0000000000036110 0000000000000100 d fsdev_devoptab
0000000000036210 0000000000000100 D dotab_stdnull
0000000000036310 a _DYNAMIC
0000000000036430 d __got_start__
0000000000036430 a _GLOBAL_OFFSET_TABLE_
00000000000366c8 d __got_end__
0000000000037000 d __data_start
0000000000037000 0000000000000008 V __nx_applet_init_timeout
0000000000037008 0000000000000001 V __nx_applet_auto_notifyrunning
000000000003700c 0000000000000004 V __nx_applet_type
0000000000037010 0000000000000008 d currentConsole
0000000000037018 0000000000000050 d defaultConsole
0000000000037068 0000000000000088 d s_consoleSwRenderer
00000000000370f0 0000000000000008 V __nx_exception_stack_size
00000000000370f8 0000000000000001 V __nx_fsdev_support_cwd
00000000000370fc 0000000000000004 V __nx_fsdev_direntry_cache_size
0000000000037100 0000000000000004 d g_viServiceType
0000000000037104 0000000000000004 V __nx_vi_stray_layer_flags
0000000000037108 0000000000000004 V __nx_fs_num_sessions
000000000003710c 0000000000000004 V __nx_nv_transfermem_size
0000000000037110 0000000000000004 d g_ctrl_fd
0000000000037114 0000000000000004 d g_nvmap_fd
0000000000037118 0000000000000008 D environ
0000000000037120 0000000000000008 D __malloc_sbrk_base
0000000000037128 0000000000000008 D __malloc_trim_threshold
0000000000037130 0000000000000810 D __malloc_av_
0000000000037940 0000000000000018 D __sglue
0000000000037958 00000000000001a8 D __global_locale
0000000000037b00 0000000000000008 D _impure_ptr
0000000000037b08 0000000000000160 D _impure_data
0000000000037c70 0000000000000400 d _current_working_directory
0000000000038070 0000000000002000 d handles
000000000003a070 0000000000000010 d __stderr_handle
000000000003a080 0000000000000010 d __stdout_handle
000000000003a090 0000000000000010 d __stdin_handle
000000000003a0a0 0000000000000118 D devoptab_list
000000000003a1b8 0000000000000004 d defaultDevice
000000000003a1c0 b __bss_start__
000000000003a1c0 d __tdata_lma
000000000003a1c0 d __tdata_lma_end
000000000003a1c0 b completed.1
000000000003a1c8 b object.0
000000000003a1f8 0000000000000008 b g_appletGuard
000000000003a200 0000000000000001 b g_appletInfoInitialized
000000000003a208 0000000000000050 b g_appletInfo
000000000003a258 0000000000000004 b g_appletCpuBoostMode
000000000003a260 000000000000000c b g_appletLibraryAppletLaunchableEvent
000000000003a26c 0000000000000001 b g_appletSuspendedTickInitialized
000000000003a270 0000000000000008 b g_appletSuspendedTick
000000000003a278 0000000000000008 b g_appletInitTickBase
000000000003a280 000000000000000c b g_appletSuspendedTickEvent
000000000003a28c 0000000000000001 b g_appletCopyrightInitialized
000000000003a290 0000000000000028 b g_appletCopyrightTmem
000000000003a2b8 0000000000000004 b g_appletRecordingInitialized
000000000003a2c0 0000000000000028 b g_appletRecordingTmem
000000000003a2e8 0000000000000018 b g_appletFirstHook
000000000003a300 0000000000000001 b g_appletNotifiedRunning
000000000003a301 0000000000000001 b g_appletFocusState
000000000003a304 0000000000000004 b g_appletPerformanceMode
000000000003a308 0000000000000001 b g_appletOperationMode
000000000003a310 0000000000000008 b g_appletResourceUserId
000000000003a318 000000000000000c b g_appletMessageEvent
000000000003a328 0000000000000010 b g_appletIDebugFunctions
000000000003a338 0000000000000010 b g_appletIDisplayController
000000000003a348 0000000000000010 b g_appletIAudioController
000000000003a358 0000000000000010 b g_appletIWindowController
000000000003a368 0000000000000010 b g_appletISelfController
000000000003a378 0000000000000010 b g_appletICommonStateGetter
000000000003a388 0000000000000010 b g_appletILibraryAppletCreator
000000000003a398 0000000000000010 b g_appletIProcessWindingController
000000000003a3a8 0000000000000010 b g_appletILibraryAppletSelfAccessor
000000000003a3b8 0000000000000010 b g_appletIApplicationCreator
000000000003a3c8 0000000000000010 b g_appletIGlobalStateController
000000000003a3d8 0000000000000010 b g_appletIFunctions
000000000003a3e8 0000000000000010 b g_appletIAppletCommonFunctions
000000000003a3f8 0000000000000004 b g_appletExitProcessResult
000000000003a3fc 0000000000000001 b g_appletExitProcessFlag
000000000003a3fd 0000000000000001 b g_appletLeftInitialized
000000000003a400 0000000000000010 b g_appletProxySession
000000000003a410 0000000000000010 b g_appletSrv
000000000003a420 0000000000000004 V __nx_applet_exit_mode
000000000003a428 0000000000000008 V __nx_applet_PerformanceConfiguration
000000000003a430 0000000000000080 V __nx_applet_AppletAttribute
000000000003a4b0 0000000000000004 b g_hosVersion
000000000003a4b8 0000000000000008 b g_userIdStorage
000000000003a4c0 0000000000000010 b g_randomSeed
000000000003a4d0 0000000000000001 b g_hasRandomSeed
000000000003a4d4 0000000000000004 b g_lastLoadResult
000000000003a4d8 0000000000000008 b g_nextLoadArgv
000000000003a4e0 0000000000000008 b g_nextLoadPath
000000000003a4e8 0000000000000004 b g_processHandle
000000000003a4f0 0000000000000018 b g_syscallHints
000000000003a508 0000000000000008 b g_overrideArgv
000000000003a510 0000000000000008 b g_overrideHeapSize
000000000003a518 0000000000000008 b g_overrideHeapAddr
000000000003a520 0000000000000008 b g_loaderRetAddr
000000000003a528 0000000000000004 b g_mainThreadHandle
000000000003a530 0000000000000008 b g_loaderInfoSize
000000000003a538 0000000000000008 b g_loaderInfo
000000000003a540 0000000000000001 b g_isNso
000000000003a541 0000000000000001 b didFirstConsoleInit.0
000000000003a548 0000000000000050 b currentCopy
000000000003a598 B __stack_top
000000000003a5a0 0000000000000001 b g_IsLegacyKernel
000000000003a5a8 0000000000000008 b g_Reservations
000000000003a5b0 0000000000000010 b g_StackRegion
000000000003a5c0 0000000000000010 b g_AslrRegion
000000000003a5d0 0000000000000010 b g_HeapRegion
000000000003a5e0 0000000000000010 b g_AliasRegion
000000000003a5f0 0000000000000004 b g_VirtmemMutex
000000000003a5f4 0000000000000004 b g_randMutex
000000000003a5f8 0000000000000001 b g_randInit
000000000003a600 0000000000000040 b g_chacha
000000000003a640 0000000000000008 b g_apmGuard
000000000003a648 0000000000000010 b g_apmISession
000000000003a658 0000000000000010 b g_apmSrv
000000000003a668 0000000000000008 b g_smGuard
000000000003a670 0000000000000008 b g_smOverridesNum
000000000003a678 0000000000000180 b g_smOverrides
000000000003a7f8 0000000000000010 b g_smSrv
000000000003a808 0000000000000008 b g_hidGuard
000000000003a810 0000000000000008 b g_sevenSixAxisSensorBuffer
000000000003a818 0000000000000020 b g_hidSharedmem
000000000003a838 0000000000000010 b g_hidIActiveVibrationDeviceList
000000000003a848 0000000000000010 b g_hidIAppletResource
000000000003a858 0000000000000010 b g_hidSrv
000000000003a868 0000000000000080 b g_defaultWin
000000000003a8e8 0000000000000010 b g_viLayer
000000000003a8f8 0000000000000050 b g_viDisplay
000000000003a950 0000000000000340 B __nx_exceptiondump
000000000003ac90 0000000000000004 V __nx_exception_ignoredebug
000000000003aca0 0000000000000400 V __nx_exception_stack
000000000003b0a0 0000000000000008 V __nx_heap_size
000000000003b0a8 0000000000000008 b __bootticks
000000000003b0b0 0000000000000008 b __boottime
000000000003b0b8 0000000000000004 V __nx_time_type
000000000003b0c0 0000000000000008 b g_argv_empty
000000000003b0c8 0000000000000008 B __system_argv
000000000003b0d0 0000000000000004 B __system_argc
000000000003b0d8 0000000000002800 b fsdev_fsdevices
000000000003d8d8 0000000000000004 b fsdev_fsdevice_cwd
000000000003d8dc 0000000000000001 b fsdev_initialised
000000000003d8e0 0000000000000038 b g_mainThread
000000000003d918 0000000000000008 b g_threadList
000000000003d920 0000000000000004 b g_threadMutex
000000000003d928 0000000000000008 b g_viGuard
000000000003d930 0000000000000010 b g_viIHOSBinderDriverIndirect
000000000003d940 0000000000000010 b g_viIManagerDisplayService
000000000003d950 0000000000000010 b g_viISystemDisplayService
000000000003d960 0000000000000010 b g_viIHOSBinderDriverRelay
000000000003d970 0000000000000010 b g_viIApplicationDisplayService
000000000003d980 0000000000000010 b g_viRootService
000000000003d990 0000000000000008 V __nx_vi_layer_id
000000000003d998 0000000000000008 b g_setsysGuard
000000000003d9a0 0000000000000010 b g_setsysSrv
000000000003d9b0 0000000000000008 b g_fsGuard
000000000003d9c0 0000000000000054 b g_fsSessionMgr
000000000003da18 0000000000000010 b g_fsSrv
000000000003da28 0000000000000008 b g_nvGuard
000000000003da30 0000000000000028 b g_nvTransfermem
000000000003da58 0000000000000010 b g_nvSrvClone
000000000003da68 0000000000000010 b g_nvSrv
000000000003da78 0000000000000008 b g_timeGuard
000000000003da80 0000000000000020 b g_timeSharedmem
000000000003daa0 0000000000000010 b g_timeLocalSystemClock
000000000003dab0 0000000000000010 b g_timeTimeZoneService
000000000003dac0 0000000000000010 b g_timeSteadyClock
000000000003dad0 0000000000000010 b g_timeNetworkSystemClock
000000000003dae0 0000000000000010 b g_timeUserSystemClock
000000000003daf0 0000000000000010 b g_timeSrv
000000000003db00 0000000000000004 V __nx_time_service_type
000000000003db08 0000000000000008 b g_nvFenceGuard
000000000003db10 0000000000000300 b g_NvEvents
000000000003de10 0000000000000008 b g_NvEventUsedMask
000000000003de18 0000000000000008 b g_nvMapGuard
000000000003de20 0000000000000004 B __nxlink_host
000000000003de24 0000000000000004 b alloced.0
000000000003de28 0000000000000008 b initial_env
000000000003de30 000000000000000c b __env_recursive_mutex
000000000003de40 0000000000000028 B __malloc_current_mallinfo
000000000003de68 0000000000000008 B __malloc_max_total_mem
000000000003de70 0000000000000008 B __malloc_max_sbrked_mem
000000000003de78 0000000000000008 B __malloc_top_pad
000000000003de80 000000000000000c b __malloc_recursive_mutex
000000000003de90 000000000000000c b __sfp_recursive_mutex
000000000003dea0 0000000000000228 B __sf
000000000003e0c8 0000000000000008 B __stdio_exit_handler
000000000003e0d0 0000000000000400 b temp_cwd
000000000003e4d0 0000000000000004 b __hndl_lock
000000000003e4d8 0000000000000008 B fake_heap_start
000000000003e4e0 0000000000000008 B fake_heap_end
000000000003e4e8 0000000000000008 b heap_start.0
000000000003e4f0 b __tls_start
000000000003e900 b __bss_end__
000000000003e900 a __end__
000000000003e900 b __tls_end
000000000003f000 a __argdata__
