0000000000000000 a __start__
0000000000000000 T _start
0000000000000000 b _TLS_MODULE_BASE_
0000000000000000 0000000000000004 b fsdev_last_result
0000000000000004 0000000000000004 b g_fsPriority
0000000000000008 0000000000000401 B __nx_dev_path_buf
00000000000000e0 T __nx_exit
00000000000000f0 T __nx_mod0
0000000000000130 0000000000000034 T exit
0000000000000170 000000000000015c T main
00000000000002d0 t __do_global_dtors_aux
0000000000000320 t frame_dummy
0000000000000350 0000000000000024 t _appletInfiniteSleepLoop
0000000000000380 0000000000000108 t _appletCmdGetSession
0000000000000490 00000000000000cc t _appletCmdInU8NoOut
0000000000000560 0000000000000104 t _appletGetLaunchReason
0000000000000670 00000000000000e4 t _appletSetFocusHandlingMode
0000000000000760 00000000000000cc t _appletCmdInU32NoOut
0000000000000830 0000000000000138 t _appletGetSessionProxy.constprop.0
0000000000000970 0000000000000154 t _appletOpenLibraryAppletProxy.constprop.0
0000000000000ad0 00000000000000d0 t _appletCmdGetHandle.constprop.0.isra.0
0000000000000ba0 00000000000000d4 t _appletCmdNoInOutU8.isra.0
0000000000000c80 00000000000000d4 t _appletCmdNoInOutU32.isra.0
0000000000000d60 00000000000000d4 t _appletCmdNoInOutU64.isra.0
0000000000000e40 00000000000000c0 t _appletCmdNoIO.isra.0
0000000000000f00 0000000000000010 T appletGetAppletType
0000000000000f10 0000000000000114 T appletSetFocusHandlingMode
0000000000001030 000000000000005c T appletSetCpuBoostMode
0000000000001090 000000000000002c T appletCreateManagedDisplayLayer
00000000000010c0 000000000000000c T appletGetAppletResourceUserId
00000000000010d0 00000000000000f4 t _appletGetIndirectLayerConsumerHandle
00000000000011d0 0000000000000088 t _appletHolderCreateState
0000000000001260 00000000000000ac T appletHolderClose
0000000000001310 0000000000000024 T appletHolderGetLibraryAppletInfo
0000000000001340 0000000000000090 T appletNotifyRunning
00000000000013d0 000000000000008c T appletSetGamePlayRecordingState
0000000000001460 0000000000000ad4 t _appletCleanup
0000000000001f40 0000000000000044 T appletExit
0000000000001f90 0000000000000040 T appletGetLibraryAppletInfo
0000000000001fd0 0000000000000a94 T appletInitialize
0000000000002a70 0000000000000024 t _appletExitProcess
0000000000002aa0 0000000000000074 T appletGetMessage
0000000000002b20 000000000000028c T appletProcessMessage
0000000000002db0 0000000000000034 T appletMainLoop
0000000000002df0 0000000000000108 t _hidCleanup
0000000000002f00 00000000000000d8 t _hidCmdInAruidNoOut
0000000000002fe0 00000000000000e4 t _hidCmdInU32AruidNoOut
00000000000030d0 00000000000001a8 t _hidGetStates
0000000000003280 0000000000000114 t _hidCreateAppletResource.constprop.0
00000000000033a0 00000000000000c8 t _hidCmdGetHandle.constprop.0
0000000000003470 00000000000000dc T hidInitialize
0000000000003550 0000000000000044 T hidExit
00000000000035a0 000000000000000c T hidGetSharedmemAddr
00000000000035b0 0000000000000094 T hidGetNpadStyleSet
0000000000003650 0000000000000020 T hidInitializeTouchScreen
0000000000003670 0000000000000088 T hidGetTouchScreenStates
0000000000003700 000000000000006c T hidInitializeNpad
0000000000003770 00000000000000ac T hidGetNpadStatesFullKey
0000000000003820 00000000000000ac T hidGetNpadStatesHandheld
00000000000038d0 00000000000000ac T hidGetNpadStatesJoyDual
0000000000003980 00000000000000ac T hidGetNpadStatesJoyLeft
0000000000003a30 00000000000000ac T hidGetNpadStatesJoyRight
0000000000003ae0 0000000000000164 T hidGetNpadStatesGc
0000000000003c50 00000000000000b0 T hidGetNpadStatesSystemExt
0000000000003d00 0000000000000008 T hidSetSupportedNpadStyleSet
0000000000003d10 0000000000000100 T hidSetSupportedNpadIdType
0000000000003e10 0000000000000014 T hosversionGet
0000000000003e30 0000000000000010 T hosversionSet
0000000000003e40 0000000000000208 T envSetup
0000000000004050 0000000000000020 T envGetMainThreadHandle
0000000000004070 000000000000000c T envIsNso
0000000000004080 0000000000000014 T envHasHeapOverride
00000000000040a0 000000000000000c T envGetHeapOverrideAddr
00000000000040b0 000000000000000c T envGetHeapOverrideSize
00000000000040c0 0000000000000014 T envHasArgv
00000000000040e0 000000000000000c T envGetArgv
00000000000040f0 000000000000000c T envGetExitFuncPtr
0000000000004100 000000000000000c T envSetExitFuncPtr
0000000000004110 000000000000000c T envHasRandomSeed
0000000000004120 0000000000000010 T envGetRandomSeed
0000000000004130 0000000000000004 W __libnx_alloc
0000000000004140 0000000000000014 W __libnx_aligned_alloc
0000000000004160 0000000000000004 W __libnx_free
0000000000004170 000000000000005c t _padUpdateWithCommonState
00000000000041d0 000000000000009c T padConfigureInput
0000000000004270 0000000000000024 T padInitializeWithMask
00000000000042a0 0000000000000240 T padUpdate
00000000000044e0 000000000000001c W diagAbortWithResult
0000000000004500 0000000000000048 t consoleDrawChar
0000000000004550 000000000000020c t parseColor
0000000000004760 00000000000000b0 t consoleNewRow
0000000000004810 0000000000000c98 t con_write
00000000000054b0 0000000000000154 T consoleInit
0000000000005610 0000000000000048 T consoleExit
0000000000005660 000000000000002c T consoleUpdate
0000000000005690 0000000000000084 T consoleClear
0000000000005720 00000000000001c8 t ConsoleSwRenderer_drawChar
00000000000058f0 00000000000000f8 t ConsoleSwRenderer_init
00000000000059f0 0000000000000070 t ConsoleSwRenderer_flushAndSwap
0000000000005a60 00000000000000d0 t ConsoleSwRenderer_scrollWindow
0000000000005b30 000000000000004c t ConsoleSwRenderer_deinit
0000000000005b80 000000000000000c W getDefaultConsoleRenderer
0000000000005b8c T svcSetHeapSize
0000000000005ba0 T svcSetMemoryPermission
0000000000005ba8 T svcSetMemoryAttribute
0000000000005bb0 T svcUnmapMemory
0000000000005bb8 T svcQueryMemory
0000000000005bcc T svcExitProcess
0000000000005bd4 T svcSleepThread
0000000000005bdc T svcMapSharedMemory
0000000000005be4 T svcUnmapSharedMemory
0000000000005bec T svcCreateTransferMemory
0000000000005c00 T svcCloseHandle
0000000000005c08 T svcResetSignal
0000000000005c10 T svcWaitSynchronization
0000000000005c24 T svcArbitrateLock
0000000000005c2c T svcArbitrateUnlock
0000000000005c34 T svcWaitProcessWideKeyAtomic
0000000000005c3c T svcSignalProcessWideKey
0000000000005c44 T svcConnectToNamedPort
0000000000005c58 T svcSendSyncRequest
0000000000005c60 T svcBreak
0000000000005c68 T svcReturnFromException
0000000000005c70 T svcGetInfo
0000000000005c84 T svcUnmapTransferMemory
0000000000005c90 0000000000000014 T shmemLoadRemote
0000000000005cb0 0000000000000088 T shmemMap
0000000000005d40 0000000000000034 T shmemUnmap
0000000000005d80 0000000000000044 T shmemClose
0000000000005dd0 0000000000000524 T waitObjects
0000000000006300 00000000000000a8 T tmemCreate
00000000000063b0 0000000000000034 T tmemUnmap
00000000000063f0 0000000000000038 T tmemCloseHandle
0000000000006430 00000000000000f0 T tmemWaitForPermission
0000000000006520 0000000000000054 T tmemClose
0000000000006580 0000000000000080 T mutexLock
0000000000006600 0000000000000068 T mutexUnlock
0000000000006670 000000000000001c T mutexIsLockedByCurrentThread
0000000000006690 000000000000004c T rmutexLock
00000000000066e0 000000000000001c T rmutexUnlock
0000000000006700 0000000000000064 t _memregionInitWithInfo
0000000000006770 0000000000000004 W __libnx_virtmem_rng
0000000000006780 000000000000016c t _memregionFindRandom
00000000000068f0 0000000000000120 T virtmemSetup
0000000000006a10 000000000000000c T virtmemLock
0000000000006a20 000000000000000c T virtmemUnlock
0000000000006a30 0000000000000050 T virtmemFindAslr
0000000000006a80 000000000000000c T eventLoadRemote
0000000000006a90 0000000000000038 T eventWait
0000000000006ad0 0000000000000050 T eventClose
0000000000006b20 00000000000003d4 T randomGet
0000000000006f00 0000000000000020 T randomGet64
0000000000006f20 00000000000000c0 t _apmCleanup
0000000000006fe0 00000000000000fc t _apmCmdGetSession.constprop.0
00000000000070e0 00000000000000a0 T apmInitialize
0000000000007180 0000000000000044 T apmExit
00000000000071d0 00000000000000c8 T apmSetPerformanceConfiguration
00000000000072a0 00000000000000d0 t _smCmifCmdInPid
0000000000007370 0000000000000068 t _smCleanup
00000000000073e0 0000000000000048 T smAddOverrideHandle
0000000000007430 0000000000000054 T smGetServiceOverride
0000000000007490 00000000000001c0 T smInitialize
0000000000007650 0000000000000044 T smExit
00000000000076a0 00000000000000d0 T smGetServiceOriginal
0000000000007770 0000000000000120 T smGetServiceWrapper
0000000000007890 000000000000008c T framebufferMakeLinear
0000000000007920 0000000000000080 T framebufferClose
00000000000079a0 00000000000002b0 T framebufferCreate
0000000000007c50 0000000000000088 T framebufferBegin
0000000000007ce0 000000000000018c T framebufferEnd
0000000000007e70 000000000000000c T nwindowGetDefault
0000000000007e80 00000000000000b0 T __nx_win_init
0000000000007f30 0000000000000034 T __nx_win_exit
0000000000007f70 0000000000000024 T nwindowIsValid
0000000000007fa0 000000000000007c T nwindowClose
0000000000008020 00000000000000f4 T nwindowCreate
0000000000008120 0000000000000034 T nwindowCreateFromLayer
0000000000008160 0000000000000084 T nwindowSetDimensions
00000000000081f0 000000000000018c T nwindowConfigureBuffer
0000000000008380 00000000000001e0 T nwindowDequeueBuffer
0000000000008560 000000000000013c T nwindowQueueBuffer
00000000000086a0 0000000000000094 T nwindowReleaseBuffers
0000000000008740 0000000000000154 T __nx_dynamic
00000000000088a0 00000000000000d4 W __libnx_initheap
0000000000008980 00000000000000ec W __appInit
0000000000008a70 0000000000000044 W __appExit
0000000000008ac0 000000000000002c W __libnx_init
0000000000008af0 0000000000000020 W __libnx_exit
0000000000008b10 000000000000001c T __syscall_exit
0000000000008b30 0000000000000034 T __syscall_getreent
0000000000008b70 0000000000000004 T __syscall_lock_acquire
0000000000008b80 0000000000000004 T __syscall_lock_release
0000000000008b90 0000000000000004 T __syscall_lock_acquire_recursive
0000000000008ba0 0000000000000004 T __syscall_lock_release_recursive
0000000000008bb0 0000000000000238 T __libnx_init_time
0000000000008df0 000000000000009c T newlibSetup
0000000000008e90 00000000000002f8 W argvSetup
0000000000009190 0000000000000014 t fsdev_link
00000000000091b0 0000000000000014 t fsdev_dirreset
00000000000091d0 0000000000000014 t fsdev_chmod
00000000000091f0 0000000000000018 t error_cmp
0000000000009210 0000000000000020 t fsdev_dirclose
0000000000009230 000000000000001c t fsdev_close
0000000000009250 0000000000000080 t fsdev_converttimetoutc
00000000000092d0 00000000000000e0 t fsdevFindDevice.part.0
00000000000093b0 00000000000001c0 t fsdev_fixpath
0000000000009570 00000000000000a0 t _fsdevUnmountDeviceStruct.part.0
0000000000009610 0000000000000014 t fsdev_fchmod
0000000000009630 0000000000000108 t fsdev_diropen
0000000000009740 00000000000000fc t fsdev_statvfs
0000000000009840 000000000000007c t fsdev_fsync
00000000000098c0 00000000000000f4 t fsdev_fstat
00000000000099c0 0000000000000094 t fsdev_ftruncate
0000000000009a60 00000000000001fc t fsdev_stat
0000000000009c60 000000000000014c t fsdev_rename
0000000000009db0 0000000000000140 t fsdev_chdir
0000000000009ef0 00000000000000a4 t fsdev_mkdir
0000000000009fa0 00000000000000a4 t fsdev_unlink
000000000000a050 00000000000000a4 t fsdev_rmdir
000000000000a100 0000000000000144 t fsdev_write_safe
000000000000a250 000000000000013c t fsdev_read_safe
000000000000a390 0000000000000100 t fsdev_read
000000000000a490 00000000000001b8 t fsdev_dirnext
000000000000a650 0000000000000124 t fsdev_write
000000000000a780 00000000000000ec t fsdev_seek
000000000000a870 0000000000000244 t fsdev_open
000000000000aac0 0000000000000224 T fsdevMountDevice
000000000000acf0 0000000000000040 T fsdevMountSdmc
000000000000ad30 00000000000000c0 T __libnx_init_cwd
000000000000adf0 0000000000000064 T fsdevUnmountAll
000000000000ae60 000000000000012c T decode_utf8
000000000000af8c T armDCacheFlush
000000000000afbc t armDCacheFlush_L0
000000000000afd8 W __libnx_exception_entry
000000000000b064 t __libnx_exception_entry_start
000000000000b18c t __libnx_exception_entry_abort
000000000000b190 t __libnx_exception_entry_end
000000000000b198 T __libnx_exception_returnentry
000000000000b1b0 T __aarch64_read_tp
000000000000b1c0 0000000000000064 T condvarWaitTimeout
000000000000b230 00000000000000b0 T __libnx_init_thread
000000000000b2e0 00000000000001dc t _viCleanup
000000000000b4c0 0000000000000100 t _viCmdGetSessionNoParams.constprop.0
000000000000b5c0 00000000000000fc t _viCmdGetSession.constprop.0
000000000000b6c0 000000000000028c T viInitialize
000000000000b950 0000000000000044 T viExit
000000000000b9a0 000000000000000c T viGetSession_IHOSBinderDriverRelay
000000000000b9b0 0000000000000110 T viOpenDisplay
000000000000bac0 00000000000000f4 T viCloseDisplay
000000000000bbc0 00000000000000fc T viCloseLayer
000000000000bcc0 0000000000000378 T viCreateLayer
000000000000c040 00000000000000d8 T viSetLayerScalingMode
000000000000c120 00000000000000d4 t _setsysGetFirmwareVersionImpl
000000000000c200 0000000000000068 t _setsysCleanup
000000000000c270 00000000000000a0 T setsysInitialize
000000000000c310 0000000000000044 T setsysExit
000000000000c360 0000000000000044 T setsysGetFirmwareVersion
000000000000c3b0 00000000000000b4 t _fsCleanup
000000000000c470 00000000000001a8 t _fsCmdNoIO
000000000000c620 00000000000001d8 t _fsFsCmdWithInPath
000000000000c800 00000000000001f4 t _fsFsCmdWithTwoInPaths
000000000000ca00 000000000000025c t _fsFsOpenCommon
000000000000cc60 00000000000001ec t _fsFsCmdWithInPathAndOutU64
000000000000ce50 00000000000000f4 t _fsObjectClose
000000000000cf50 00000000000001f4 t _fsCmdGetSession.constprop.0
000000000000d150 00000000000002f8 T fsInitialize
000000000000d450 0000000000000044 T fsExit
000000000000d4a0 0000000000000008 T fsOpenSdCardFileSystem
000000000000d4b0 00000000000001f0 T fsFsCreateFile
000000000000d6a0 0000000000000008 T fsFsDeleteFile
000000000000d6b0 0000000000000008 T fsFsCreateDirectory
000000000000d6c0 0000000000000008 T fsFsDeleteDirectory
000000000000d6d0 0000000000000008 T fsFsRenameFile
000000000000d6e0 0000000000000008 T fsFsRenameDirectory
000000000000d6f0 00000000000001f0 T fsFsGetEntryType
000000000000d8e0 0000000000000008 T fsFsOpenFile
000000000000d8f0 0000000000000008 T fsFsOpenDirectory
000000000000d900 0000000000000008 T fsFsGetFreeSpace
000000000000d910 0000000000000008 T fsFsGetTotalSpace
000000000000d920 0000000000000230 T fsFsGetFileTimeStampRaw
000000000000db50 0000000000000004 T fsFsClose
000000000000db60 0000000000000218 T fsFileRead
000000000000dd80 0000000000000200 T fsFileWrite
000000000000df80 0000000000000008 T fsFileFlush
000000000000df90 00000000000001b8 T fsFileSetSize
000000000000df90 00000000000001b8 t fsFileSetSize.localalias
000000000000e150 00000000000001c4 T fsFileGetSize
000000000000e150 00000000000001c4 t fsFileGetSize.localalias
000000000000e320 0000000000000004 T fsFileClose
000000000000e330 0000000000000004 T fsDirClose
000000000000e340 00000000000001fc T fsDirRead
000000000000e540 00000000000000d0 t _nvSetClientPID
000000000000e610 00000000000000c8 t _nvCleanup
000000000000e6e0 00000000000000d8 t _nvCmdInitialize.constprop.0
000000000000e7c0 000000000000001c W __nx_nv_create_tmem
000000000000e7e0 0000000000000258 T nvInitialize
000000000000ea40 0000000000000044 T nvExit
000000000000ea90 00000000000000f4 T nvConvertError
000000000000eb90 0000000000000118 T nvOpen
000000000000ecb0 00000000000002fc T nvIoctl
000000000000efb0 00000000000000d8 T nvClose
000000000000f090 0000000000000108 T nvQueryEvent
000000000000f1a0 0000000000000228 t _timeCleanup
000000000000f3d0 0000000000000100 t _timeCmdGetSession.constprop.0
000000000000f4d0 00000000000000cc t _timeGetSharedMemoryNativeHandle.constprop.0
000000000000f5a0 00000000000000c4 t _timeCmdNoInOutU64.constprop.0.isra.0
000000000000f670 0000000000000110 t _timeReadClockFromSharedMem
000000000000f780 0000000000000238 T timeInitialize
000000000000f9c0 0000000000000044 T timeExit
000000000000fa10 0000000000000038 T timeGetServiceSession_SystemClock
000000000000fa50 0000000000000068 T timeGetCurrentTime
000000000000fac0 0000000000000110 T timeToCalendarTimeWithMyRule
000000000000fbd0 0000000000000104 T timeToPosixTimeWithMyRule
000000000000fce0 000000000000007c t _nvFenceCleanup
000000000000fd60 0000000000000098 T nvFenceInit
000000000000fe00 0000000000000044 T nvFenceExit
000000000000fe50 0000000000000240 T nvFenceWait
0000000000010090 0000000000000074 T nvMultiFenceWait
0000000000010110 00000000000000b4 T nvMapInit
00000000000101d0 000000000000006c T nvMapExit
0000000000010240 0000000000000080 T nvMapClose
00000000000102c0 0000000000000154 T nvMapCreate
0000000000010420 0000000000000028 T nvioctlNvhostCtrl_EventSignal
0000000000010450 0000000000000044 T nvioctlNvhostCtrl_EventWait
00000000000104a0 0000000000000030 T nvioctlNvhostCtrl_EventWaitAsync
00000000000104d0 0000000000000028 T nvioctlNvhostCtrl_EventRegister
0000000000010500 0000000000000028 T nvioctlNvhostCtrl_EventUnregister
0000000000010530 0000000000000040 T nvioctlNvmap_Create
0000000000010570 0000000000000038 T nvioctlNvmap_Alloc
00000000000105b0 0000000000000034 T nvioctlNvmap_Free
00000000000105f0 0000000000000040 T nvioctlNvmap_GetId
0000000000010630 00000000000000d8 T bqRequestBuffer
0000000000010710 0000000000000160 T bqDequeueBuffer
0000000000010870 00000000000000dc T bqQueueBuffer
0000000000010950 0000000000000094 T bqCancelBuffer
00000000000109f0 00000000000000e4 T bqConnect
0000000000010ae0 000000000000009c T bqDisconnect
0000000000010b80 000000000000017c T bqSetPreallocatedBuffer
0000000000010d00 000000000000001c T binderCreate
0000000000010d20 00000000000003d0 T binderTransactParcel
00000000000110f0 00000000000000e8 T binderConvertErrorCode
00000000000111e0 0000000000000124 T binderAdjustRefcount
0000000000011310 0000000000000098 T binderInitSession
00000000000113b0 0000000000000068 T binderClose
0000000000011420 0000000000000158 T binderGetNativeHandle
0000000000011580 0000000000000030 T parcelCreate
00000000000115b0 000000000000019c T parcelTransact
0000000000011750 0000000000000088 T parcelWriteData
00000000000117e0 0000000000000098 T parcelReadData
0000000000011880 0000000000000020 T parcelWriteInt32
00000000000118a0 0000000000000020 T parcelWriteUInt32
00000000000118c0 000000000000007c T parcelWriteString16
0000000000011940 0000000000000030 T parcelWriteInterfaceToken
0000000000011970 0000000000000024 T parcelReadInt32
00000000000119a0 0000000000000068 T parcelReadFlattenedObject
0000000000011a10 000000000000004c T parcelWriteFlattenedObject
0000000000011a60 00000000000000c4 T nxlinkSetup
0000000000011b30 0000000000000178 T sessionmgrCreate
0000000000011cb0 0000000000000084 T sessionmgrClose
0000000000011d40 00000000000000b4 T sessionmgrAttachClient
0000000000011e00 0000000000000070 T sessionmgrDetachClient
0000000000011e70 0000000000000084 T printf
0000000000011f00 000000000000003c T setenv
0000000000011f40 00000000000000b8 T bsearch
0000000000012000 0000000000000254 T _setenv_r
0000000000012260 00000000000000bc T sscanf
0000000000012320 0000000000000050 T __sread
0000000000012370 0000000000000008 T __seofread
0000000000012380 000000000000006c T __swrite
00000000000123f0 0000000000000050 T __sseek
0000000000012440 0000000000000008 T __sclose
0000000000012450 000000000000000c T __env_lock
0000000000012460 000000000000000c T __env_unlock
0000000000012470 000000000000002c T aligned_alloc
00000000000124a0 0000000000000250 T setvbuf
00000000000126f0 0000000000000004 W __call_exitprocs
0000000000012700 0000000000000124 T _malloc_trim_r
0000000000012830 00000000000002d8 T _free_r
0000000000012b10 0000000000000024 T malloc
0000000000012b40 0000000000000024 T free
0000000000012b64 0000000000000074 t get_arg
0000000000012bd8 0000000000002fdc T __ssvfscanf_r
0000000000015bc0 000000000000080c T _malloc_r
00000000000163d0 00000000000000fc T _findenv_r
00000000000164d0 000000000000000c T __malloc_lock
00000000000164e0 000000000000000c T __malloc_unlock
00000000000164ec 0000000000000804 t get_arg
0000000000016cf0 0000000000003c28 T _vfprintf_r
000000000001a918 00000000000000d0 t __sbprintf
000000000001a9f0 0000000000000200 T __sflush_r
000000000001abf0 00000000000000b8 T _fflush_r
000000000001acb0 000000000000002c T gmtime
000000000001ace0 0000000000000078 T strncat
000000000001ad60 00000000000002a0 T gmtime_r
000000000001b000 00000000000000a0 T _fwalk_sglue
000000000001b0a0 0000000000000524 T _realloc_r
000000000001b5d0 0000000000000090 T strncpy
000000000001b660 000000000000001c t stdio_exit_handler
000000000001b680 000000000000006c t cleanup_stdio
000000000001b6f0 0000000000000140 t global_stdio_init.part.0
000000000001b830 000000000000000c T __sfp_lock_acquire
000000000001b840 000000000000000c T __sfp_lock_release
000000000001b850 0000000000000054 T __sinit
000000000001b8b0 0000000000000054 t sulp
000000000001b910 0000000000001184 T _strtod_l
000000000001caa0 0000000000000050 T _strtod_r
000000000001caf0 000000000000018c t _strtol_l.part.0
000000000001cc80 0000000000000070 T _strtol_r
000000000001ccf0 000000000000002c T realloc
000000000001cd1c 00000000000000d8 T memchr
000000000001ce00 00000000000001a8 t _strtoul_l.isra.0
000000000001cfb0 0000000000000044 T _strtoul_r
000000000001d000 0000000000000048 T strtoul
000000000001d080 00000000000001dc T memset
000000000001d260 000000000000002c T __locale_mb_cur_max
000000000001d290 0000000000000008 T __localeconv_l
000000000001d2a0 0000000000000028 T _localeconv_r
000000000001d300 000000000000016c T memcpy
000000000001d480 00000000000000e4 T strcmp
000000000001d570 00000000000000e4 T __utf8_wctomb
000000000001d680 00000000000000ac T memmove
000000000001d764 00000000000000e0 T strnlen
000000000001d820 00000000000000dc T strchr
000000000001d900 0000000000000140 T strlen
000000000001da40 00000000000000a4 T stpncpy
000000000001db1c 00000000000001b8 T strncmp
000000000001dce0 0000000000000094 T __libc_init_array
000000000001dd80 0000000000000044 T __libc_fini_array
000000000001ddd0 0000000000000014 T __errno
000000000001ddf0 000000000000000c T nan
000000000001de00 000000000000000c T nanf
000000000001de10 0000000000000078 T frexp
000000000001de90 000000000000018c t _strtoll_l.isra.0
000000000001e020 0000000000000044 T _strtoll_r
000000000001e070 00000000000001a8 t _strtoull_l.isra.0
000000000001e220 0000000000000044 T _strtoull_r
000000000001e270 0000000000000008 T iswspace
000000000001e280 00000000000000f0 T _mbrtowc_r
000000000001e370 0000000000000094 T __swhatbuf_r
000000000001e410 0000000000000104 T __smakebuf_r
000000000001e520 00000000000000d8 T _wcrtomb_r
000000000001e600 0000000000000048 T iswspace_l
000000000001e650 0000000000000010 T _wcsrtombs_r
000000000001e660 0000000000000180 T _memalign_r
000000000001e7e0 00000000000000a8 T sprintf
000000000001e890 00000000000000d4 T __sccl
000000000001e970 0000000000000084 T category
000000000001e9f4 0000000000000804 t get_arg
000000000001f1f8 0000000000000038 T __sprint_r
000000000001f230 0000000000002984 T _vfiprintf_r
0000000000021bb4 00000000000000d0 t __sbprintf
0000000000021c84 00000000000001bc T __ssprint_r
0000000000021e40 00000000000000f0 T _sungetc_r
0000000000021f30 0000000000000070 T __ssrefill_r
0000000000021fa0 00000000000000e0 T _sfread_r
0000000000022080 000000000000012c T __swsetup_r
00000000000221b0 0000000000000118 t rshift
00000000000222d0 0000000000000814 T __gethex
0000000000022af0 00000000000001a4 t quorem
0000000000022ca0 0000000000001198 T _dtoa_r
0000000000023e40 0000000000000138 T _fclose_r
0000000000023f78 0000000000000804 t get_arg
000000000002477c 0000000000003bac T _svfprintf_r
0000000000028330 0000000000000048 T __match
0000000000028380 0000000000000258 T __hexnan
00000000000285e0 000000000000008c T _Balloc
0000000000028670 000000000000001c T _Bfree
0000000000028690 0000000000000108 T __multadd
00000000000287a0 0000000000000130 T __s2b
00000000000288d0 0000000000000080 T __hi0bits
0000000000028950 000000000000009c T __lo0bits
00000000000289f0 000000000000004c T __i2b
0000000000028a40 00000000000001e4 T __multiply
0000000000028c30 0000000000000100 T __pow5mult
0000000000028d30 0000000000000170 T __lshift
0000000000028ea0 0000000000000050 T __mcmp
0000000000028ef0 00000000000001cc T __mdiff
00000000000290c0 0000000000000084 T __ulp
0000000000029150 0000000000000168 T __b2d
00000000000292c0 000000000000015c T __d2b
0000000000029420 00000000000000ac T __ratio
00000000000294d0 0000000000000068 T __copybits
0000000000029540 000000000000006c T __any_on
00000000000295b0 00000000000004cc T __sfvwrite_r
0000000000029a80 00000000000002b8 T __utf8_mbtowc
0000000000029d40 00000000000001ac T _wcsnrtombs_l
0000000000029ef0 0000000000000074 T _wcsnrtombs_r
0000000000029f70 00000000000000b8 T __submore
000000000002a030 00000000000000c0 T _calloc_r
000000000002a0f0 0000000000000064 T __assert_func
000000000002a160 0000000000000084 T fiprintf
000000000002a1f0 0000000000000018 T abort
000000000002a210 00000000000000a4 T _raise_r
000000000002a2c0 0000000000000024 T raise
000000000002a2f0 0000000000000020 T _exit
000000000002a310 0000000000000170 T chdir
000000000002a480 000000000000021c T _concatenate_path
000000000002a6a0 0000000000000084 T _fstat_r
000000000002a730 0000000000000014 T _getpid_r
000000000002a750 0000000000000020 T __getreent
000000000002a770 0000000000000050 T __get_handle
000000000002a7c0 00000000000000f0 T _close_r
000000000002a8b0 0000000000000008 t null_write
000000000002a8c0 0000000000000018 T setDefaultDevice
000000000002a8e0 0000000000000114 T FindDevice
000000000002aa00 0000000000000034 T RemoveDevice
000000000002aa40 00000000000000c8 T AddDevice
000000000002ab10 0000000000000034 T GetDeviceOpTab
000000000002ab50 0000000000000008 T _isatty_r
000000000002ab60 0000000000000014 T _kill_r
000000000002ab80 0000000000000098 T _lseek_r
000000000002ac20 00000000000000a4 T _read_r
000000000002acd0 0000000000000078 W _sbrk_r
000000000002ad50 0000000000000014 T __libc_lock_acquire
000000000002ad70 0000000000000014 T __libc_lock_release
000000000002ad90 0000000000000014 T __libc_lock_acquire_recursive
000000000002adb0 0000000000000014 T __libc_lock_release_recursive
000000000002add0 00000000000000a4 T _write_r
000000000002ae80 0000000000000158 t __extenddftf2
000000000002afe0 00000000000003c4 t __trunctfdf2
000000000002b3b0 0000000000000070 t __sfp_handle_exceptions
000000000002b420 0000000000000100 T strrchr
000000000002b520 T _init
000000000002b558 T _fini
000000000002e9e0 0000000000000014 r CSWTCH.529
000000000002eae0 0000000000000018 r grayScale
000000000002eaf8 0000000000000006 r colorCube
000000000002eb00 0000000000000030 r colorTable
000000000002eb30 R default_font_bin
0000000000030b30 R default_font_bin_end
0000000000030b30 0000000000000038 r g_nvColorFmtTable
0000000000030b70 0000000000000020 r error_table
0000000000030ba0 0000000000000023 r g_bq_InterfaceDescriptor
0000000000030c10 0000000000000101 R _ctype_
0000000000030e60 0000000000000022 r basefix.0
0000000000030fa0 0000000000000010 r zeroes.0
0000000000030fb0 0000000000000010 r blanks.1
0000000000030fc0 0000000000000014 r fpinan.0
0000000000030fd8 0000000000000014 r fpi.1
0000000000030ff0 0000000000000028 r tinytens
0000000000031048 0000000000003528 r categories
0000000000034670 0000000000000010 r zeroes.0
0000000000034680 0000000000000010 r blanks.1
0000000000034690 000000000000006c R __action_table
0000000000034700 000000000000006c R __state_table
0000000000034770 0000000000000100 R __chclass
0000000000034870 0000000000000100 R __hexdig
0000000000034a70 0000000000000010 r zeroes.0
0000000000034a80 0000000000000010 r blanks.1
0000000000034a90 000000000000000c r p05.0
0000000000034aa0 0000000000000028 R __mprec_bigtens
0000000000034ac8 00000000000000c8 R __mprec_tens
0000000000034b90 r __tls_align
0000000000034b98 r __EH_FRAME_BEGIN__
0000000000034b98 r __eh_frame_hdr_end
0000000000034b98 r __eh_frame_hdr_start
000000000003a5e4 r __FRAME_END__
000000000003b000 d __frame_dummy_init_array_entry
000000000003b000 d __init_array_start
000000000003b000 d __preinit_array_end
000000000003b000 d __preinit_array_start
000000000003b000 d __relro_start
000000000003b008 d __do_global_dtors_aux_fini_array_entry
000000000003b008 d __fini_array_start
000000000003b008 d __init_array_end
000000000003b010 d __fini_array_end
000000000003b010 0000000000000100 d dotab_stdout
000000000003b110 0000000000000100 d fsdev_devoptab
000000000003b210 0000000000000100 D dotab_stdnull
000000000003b310 a _DYNAMIC
000000000003b430 d __got_start__
000000000003b430 a _GLOBAL_OFFSET_TABLE_
000000000003b6c8 d __got_end__
000000000003c000 d __data_start
000000000003c000 0000000000000008 V __nx_applet_init_timeout
000000000003c008 0000000000000001 V __nx_applet_auto_notifyrunning
000000000003c00c 0000000000000004 V __nx_applet_type
000000000003c010 0000000000000008 d currentConsole
000000000003c018 0000000000000050 d defaultConsole
000000000003c068 0000000000000088 d s_consoleSwRenderer
000000000003c0f0 0000000000000008 V __nx_exception_stack_size
000000000003c0f8 0000000000000001 V __nx_fsdev_support_cwd
000000000003c0fc 0000000000000004 V __nx_fsdev_direntry_cache_size
000000000003c100 0000000000000004 d g_viServiceType
000000000003c104 0000000000000004 V __nx_vi_stray_layer_flags
000000000003c108 0000000000000004 V __nx_fs_num_sessions
000000000003c10c 0000000000000004 V __nx_nv_transfermem_size
000000000003c110 0000000000000004 d g_ctrl_fd
000000000003c114 0000000000000004 d g_nvmap_fd
000000000003c118 0000000000000008 D environ
000000000003c120 0000000000000008 D __malloc_sbrk_base
000000000003c128 0000000000000008 D __malloc_trim_threshold
000000000003c130 0000000000000810 D __malloc_av_
000000000003c940 0000000000000018 D __sglue
000000000003c958 00000000000001a8 D __global_locale
000000000003cb00 0000000000000008 D _impure_ptr
000000000003cb08 0000000000000160 D _impure_data
000000000003cc70 0000000000000400 d _current_working_directory
000000000003d070 0000000000002000 d handles
000000000003f070 0000000000000010 d __stderr_handle
000000000003f080 0000000000000010 d __stdout_handle
000000000003f090 0000000000000010 d __stdin_handle
000000000003f0a0 0000000000000118 D devoptab_list
000000000003f1b8 0000000000000004 d defaultDevice
000000000003f1c0 b __bss_start__
000000000003f1c0 d __tdata_lma
000000000003f1c0 d __tdata_lma_end
000000000003f1c0 b completed.1
000000000003f1c8 b object.0
000000000003f1f8 0000000000000008 b g_appletGuard
000000000003f200 0000000000000001 b g_appletInfoInitialized
000000000003f208 0000000000000050 b g_appletInfo
000000000003f258 0000000000000004 b g_appletCpuBoostMode
000000000003f260 000000000000000c b g_appletLibraryAppletLaunchableEvent
000000000003f26c 0000000000000001 b g_appletSuspendedTickInitialized
000000000003f270 0000000000000008 b g_appletSuspendedTick
000000000003f278 0000000000000008 b g_appletInitTickBase
000000000003f280 000000000000000c b g_appletSuspendedTickEvent
000000000003f28c 0000000000000001 b g_appletCopyrightInitialized
000000000003f290 0000000000000028 b g_appletCopyrightTmem
000000000003f2b8 0000000000000004 b g_appletRecordingInitialized
000000000003f2c0 0000000000000028 b g_appletRecordingTmem
000000000003f2e8 0000000000000018 b g_appletFirstHook
000000000003f300 0000000000000001 b g_appletNotifiedRunning
000000000003f301 0000000000000001 b g_appletFocusState
000000000003f304 0000000000000004 b g_appletPerformanceMode
000000000003f308 0000000000000001 b g_appletOperationMode
000000000003f310 0000000000000008 b g_appletResourceUserId
000000000003f318 000000000000000c b g_appletMessageEvent
000000000003f328 0000000000000010 b g_appletIDebugFunctions
000000000003f338 0000000000000010 b g_appletIDisplayController
000000000003f348 0000000000000010 b g_appletIAudioController
000000000003f358 0000000000000010 b g_appletIWindowController
000000000003f368 0000000000000010 b g_appletISelfController
000000000003f378 0000000000000010 b g_appletICommonStateGetter
000000000003f388 0000000000000010 b g_appletILibraryAppletCreator
000000000003f398 0000000000000010 b g_appletIProcessWindingController
000000000003f3a8 0000000000000010 b g_appletILibraryAppletSelfAccessor
000000000003f3b8 0000000000000010 b g_appletIApplicationCreator
000000000003f3c8 0000000000000010 b g_appletIGlobalStateController
000000000003f3d8 0000000000000010 b g_appletIFunctions
000000000003f3e8 0000000000000010 b g_appletIAppletCommonFunctions
000000000003f3f8 0000000000000004 b g_appletExitProcessResult
000000000003f3fc 0000000000000001 b g_appletExitProcessFlag
000000000003f3fd 0000000000000001 b g_appletLeftInitialized
000000000003f400 0000000000000010 b g_appletProxySession
000000000003f410 0000000000000010 b g_appletSrv
000000000003f420 0000000000000004 V __nx_applet_exit_mode
000000000003f428 0000000000000008 V __nx_applet_PerformanceConfiguration
000000000003f430 0000000000000080 V __nx_applet_AppletAttribute
000000000003f4b0 0000000000000008 b g_hidGuard
000000000003f4b8 0000000000000008 b g_sevenSixAxisSensorBuffer
000000000003f4c0 0000000000000020 b g_hidSharedmem
000000000003f4e0 0000000000000010 b g_hidIActiveVibrationDeviceList
000000000003f4f0 0000000000000010 b g_hidIAppletResource
000000000003f500 0000000000000010 b g_hidSrv
000000000003f510 0000000000000004 b g_hosVersion
000000000003f518 0000000000000008 b g_userIdStorage
000000000003f520 0000000000000010 b g_randomSeed
000000000003f530 0000000000000001 b g_hasRandomSeed
000000000003f534 0000000000000004 b g_lastLoadResult
000000000003f538 0000000000000008 b g_nextLoadArgv
000000000003f540 0000000000000008 b g_nextLoadPath
000000000003f548 0000000000000004 b g_processHandle
000000000003f550 0000000000000018 b g_syscallHints
000000000003f568 0000000000000008 b g_overrideArgv
000000000003f570 0000000000000008 b g_overrideHeapSize
000000000003f578 0000000000000008 b g_overrideHeapAddr
000000000003f580 0000000000000008 b g_loaderRetAddr
000000000003f588 0000000000000004 b g_mainThreadHandle
000000000003f590 0000000000000008 b g_loaderInfoSize
000000000003f598 0000000000000008 b g_loaderInfo
000000000003f5a0 0000000000000001 b g_isNso
000000000003f5a1 0000000000000001 b didFirstConsoleInit.0
000000000003f5a8 0000000000000050 b currentCopy
000000000003f5f8 B __stack_top
000000000003f600 0000000000000001 b g_IsLegacyKernel
000000000003f608 0000000000000008 b g_Reservations
000000000003f610 0000000000000010 b g_StackRegion
000000000003f620 0000000000000010 b g_AslrRegion
000000000003f630 0000000000000010 b g_HeapRegion
000000000003f640 0000000000000010 b g_AliasRegion
000000000003f650 0000000000000004 b g_VirtmemMutex
000000000003f654 0000000000000004 b g_randMutex
000000000003f658 0000000000000001 b g_randInit
000000000003f660 0000000000000040 b g_chacha
000000000003f6a0 0000000000000008 b g_apmGuard
000000000003f6a8 0000000000000010 b g_apmISession
000000000003f6b8 0000000000000010 b g_apmSrv
000000000003f6c8 0000000000000008 b g_smGuard
000000000003f6d0 0000000000000008 b g_smOverridesNum
000000000003f6d8 0000000000000180 b g_smOverrides
000000000003f858 0000000000000010 b g_smSrv
000000000003f868 0000000000000080 b g_defaultWin
000000000003f8e8 0000000000000010 b g_viLayer
000000000003f8f8 0000000000000050 b g_viDisplay
000000000003f950 0000000000000340 B __nx_exceptiondump
000000000003fc90 0000000000000004 V __nx_exception_ignoredebug
000000000003fca0 0000000000000400 V __nx_exception_stack
00000000000400a0 0000000000000008 V __nx_heap_size
00000000000400a8 0000000000000008 b __bootticks
00000000000400b0 0000000000000008 b __boottime
00000000000400b8 0000000000000004 V __nx_time_type
00000000000400c0 0000000000000008 b g_argv_empty
00000000000400c8 0000000000000008 B __system_argv
00000000000400d0 0000000000000004 B __system_argc
00000000000400d8 0000000000002800 b fsdev_fsdevices
00000000000428d8 0000000000000004 b fsdev_fsdevice_cwd
00000000000428dc 0000000000000001 b fsdev_initialised
00000000000428e0 0000000000000038 b g_mainThread
0000000000042918 0000000000000008 b g_threadList
0000000000042920 0000000000000004 b g_threadMutex
0000000000042928 0000000000000008 b g_viGuard
0000000000042930 0000000000000010 b g_viIHOSBinderDriverIndirect
0000000000042940 0000000000000010 b g_viIManagerDisplayService
0000000000042950 0000000000000010 b g_viISystemDisplayService
0000000000042960 0000000000000010 b g_viIHOSBinderDriverRelay
0000000000042970 0000000000000010 b g_viIApplicationDisplayService
0000000000042980 0000000000000010 b g_viRootService
0000000000042990 0000000000000008 V __nx_vi_layer_id
0000000000042998 0000000000000008 b g_setsysGuard
00000000000429a0 0000000000000010 b g_setsysSrv
00000000000429b0 0000000000000008 b g_fsGuard
00000000000429c0 0000000000000054 b g_fsSessionMgr
0000000000042a18 0000000000000010 b g_fsSrv
0000000000042a28 0000000000000008 b g_nvGuard
0000000000042a30 0000000000000028 b g_nvTransfermem
0000000000042a58 0000000000000010 b g_nvSrvClone
0000000000042a68 0000000000000010 b g_nvSrv
0000000000042a78 0000000000000008 b g_timeGuard
0000000000042a80 0000000000000020 b g_timeSharedmem
0000000000042aa0 0000000000000010 b g_timeLocalSystemClock
0000000000042ab0 0000000000000010 b g_timeTimeZoneService
0000000000042ac0 0000000000000010 b g_timeSteadyClock
0000000000042ad0 0000000000000010 b g_timeNetworkSystemClock
0000000000042ae0 0000000000000010 b g_timeUserSystemClock
0000000000042af0 0000000000000010 b g_timeSrv
0000000000042b00 0000000000000004 V __nx_time_service_type
0000000000042b08 0000000000000008 b g_nvFenceGuard
0000000000042b10 0000000000000300 b g_NvEvents
0000000000042e10 0000000000000008 b g_NvEventUsedMask
0000000000042e18 0000000000000008 b g_nvMapGuard
0000000000042e20 0000000000000004 B __nxlink_host
0000000000042e24 0000000000000004 b alloced.0
0000000000042e28 0000000000000008 b initial_env
0000000000042e30 000000000000000c b __env_recursive_mutex
0000000000042e40 0000000000000028 B __malloc_current_mallinfo
0000000000042e68 0000000000000008 B __malloc_max_total_mem
0000000000042e70 0000000000000008 B __malloc_max_sbrked_mem
0000000000042e78 0000000000000008 B __malloc_top_pad
0000000000042e80 000000000000000c b __malloc_recursive_mutex
0000000000042e90 000000000000000c b __sfp_recursive_mutex
0000000000042ea0 0000000000000228 B __sf
00000000000430c8 0000000000000008 B __stdio_exit_handler
00000000000430d0 0000000000000400 b temp_cwd
00000000000434d0 0000000000000004 b __hndl_lock
00000000000434d8 0000000000000008 B fake_heap_start
00000000000434e0 0000000000000008 B fake_heap_end
00000000000434e8 0000000000000008 b heap_start.0
00000000000434f0 b __tls_start
0000000000043900 b __bss_end__
0000000000043900 a __end__
0000000000043900 b __tls_end
0000000000044000 a __argdata__
