0000000000000000 a __start__
0000000000000000 T _start
0000000000000000 b _TLS_MODULE_BASE_
0000000000000000 0000000000000004 b fsdev_last_result
0000000000000004 0000000000000004 b g_fsPriority
0000000000000008 0000000000000401 B __nx_dev_path_buf
00000000000000e0 T __nx_exit
00000000000000f0 T __nx_mod0
0000000000000124 0000000000000034 W __gnu_cxx::__throw_concurrence_lock_error()
0000000000000158 0000000000000034 W __gnu_cxx::__throw_concurrence_unlock_error()
0000000000000190 0000000000000034 t _GLOBAL__sub_D_eh_globals.cc
00000000000001d0 0000000000000034 T exit
0000000000000210 000000000000012c T main
0000000000000340 0000000000000204 t _GLOBAL__sub_I_eh_alloc.cc
0000000000000550 0000000000000038 t _GLOBAL__sub_I_eh_globals.cc
0000000000000590 t __do_global_dtors_aux
00000000000005e0 t frame_dummy
0000000000000610 0000000000000004 T Game::Game()
0000000000000610 0000000000000004 T Game::Game()
0000000000000620 0000000000000024 t _appletInfiniteSleepLoop
0000000000000650 0000000000000108 t _appletCmdGetSession
0000000000000760 00000000000000cc t _appletCmdInU8NoOut
0000000000000830 0000000000000104 t _appletGetLaunchReason
0000000000000940 00000000000000e4 t _appletSetFocusHandlingMode
0000000000000a30 00000000000000cc t _appletCmdInU32NoOut
0000000000000b00 0000000000000138 t _appletGetSessionProxy.constprop.0
0000000000000c40 0000000000000154 t _appletOpenLibraryAppletProxy.constprop.0
0000000000000da0 00000000000000d0 t _appletCmdGetHandle.constprop.0.isra.0
0000000000000e70 00000000000000d4 t _appletCmdNoInOutU8.isra.0
0000000000000f50 00000000000000d4 t _appletCmdNoInOutU32.isra.0
0000000000001030 00000000000000d4 t _appletCmdNoInOutU64.isra.0
0000000000001110 00000000000000c0 t _appletCmdNoIO.isra.0
00000000000011d0 0000000000000010 T appletGetAppletType
00000000000011e0 0000000000000114 T appletSetFocusHandlingMode
0000000000001300 000000000000005c T appletSetCpuBoostMode
0000000000001360 000000000000002c T appletCreateManagedDisplayLayer
0000000000001390 000000000000000c T appletGetAppletResourceUserId
00000000000013a0 00000000000000f4 t _appletGetIndirectLayerConsumerHandle
00000000000014a0 0000000000000088 t _appletHolderCreateState
0000000000001530 00000000000000ac T appletHolderClose
00000000000015e0 0000000000000024 T appletHolderGetLibraryAppletInfo
0000000000001610 0000000000000090 T appletNotifyRunning
00000000000016a0 000000000000008c T appletSetGamePlayRecordingState
0000000000001730 0000000000000ad4 t _appletCleanup
0000000000002210 0000000000000044 T appletExit
0000000000002260 0000000000000040 T appletGetLibraryAppletInfo
00000000000022a0 0000000000000a94 T appletInitialize
0000000000002d40 0000000000000024 t _appletExitProcess
0000000000002d70 0000000000000074 T appletGetMessage
0000000000002df0 000000000000028c T appletProcessMessage
0000000000003080 0000000000000034 T appletMainLoop
00000000000030c0 0000000000000014 T hosversionGet
00000000000030e0 0000000000000010 T hosversionSet
00000000000030f0 0000000000000208 T envSetup
0000000000003300 0000000000000020 T envGetMainThreadHandle
0000000000003320 000000000000000c T envIsNso
0000000000003330 0000000000000014 T envHasHeapOverride
0000000000003350 000000000000000c T envGetHeapOverrideAddr
0000000000003360 000000000000000c T envGetHeapOverrideSize
0000000000003370 0000000000000014 T envHasArgv
0000000000003390 000000000000000c T envGetArgv
00000000000033a0 000000000000000c T envGetExitFuncPtr
00000000000033b0 000000000000000c T envSetExitFuncPtr
00000000000033c0 000000000000000c T envHasRandomSeed
00000000000033d0 0000000000000010 T envGetRandomSeed
00000000000033e0 000000000000005c t _padUpdateWithCommonState
0000000000003440 000000000000009c T padConfigureInput
00000000000034e0 0000000000000024 T padInitializeWithMask
0000000000003510 0000000000000240 T padUpdate
0000000000003750 000000000000001c W diagAbortWithResult
0000000000003770 0000000000000048 t consoleDrawChar
00000000000037c0 000000000000020c t parseColor
00000000000039d0 00000000000000b0 t consoleNewRow
0000000000003a80 0000000000000c98 t con_write
0000000000004720 0000000000000154 T consoleInit
0000000000004880 0000000000000048 T consoleExit
00000000000048d0 000000000000002c T consoleUpdate
0000000000004900 00000000000001c8 t ConsoleSwRenderer_drawChar
0000000000004ad0 00000000000000f8 t ConsoleSwRenderer_init
0000000000004bd0 0000000000000070 t ConsoleSwRenderer_flushAndSwap
0000000000004c40 00000000000000d0 t ConsoleSwRenderer_scrollWindow
0000000000004d10 000000000000004c t ConsoleSwRenderer_deinit
0000000000004d60 000000000000000c W getDefaultConsoleRenderer
0000000000004d6c T svcSetHeapSize
0000000000004d80 T svcSetMemoryPermission
0000000000004d88 T svcSetMemoryAttribute
0000000000004d90 T svcUnmapMemory
0000000000004d98 T svcQueryMemory
0000000000004dac T svcExitProcess
0000000000004db4 T svcSleepThread
0000000000004dbc T svcMapSharedMemory
0000000000004dc4 T svcUnmapSharedMemory
0000000000004dcc T svcCreateTransferMemory
0000000000004de0 T svcCloseHandle
0000000000004de8 T svcResetSignal
0000000000004df0 T svcWaitSynchronization
0000000000004e04 T svcArbitrateLock
0000000000004e0c T svcArbitrateUnlock
0000000000004e14 T svcWaitProcessWideKeyAtomic
0000000000004e1c T svcSignalProcessWideKey
0000000000004e24 T svcConnectToNamedPort
0000000000004e38 T svcSendSyncRequest
0000000000004e40 T svcBreak
0000000000004e48 T svcReturnFromException
0000000000004e50 T svcGetInfo
0000000000004e64 T svcUnmapTransferMemory
0000000000004e70 0000000000000524 T waitObjects
00000000000053a0 00000000000000a8 T tmemCreate
0000000000005450 0000000000000034 T tmemUnmap
0000000000005490 0000000000000038 T tmemCloseHandle
00000000000054d0 00000000000000f0 T tmemWaitForPermission
00000000000055c0 0000000000000054 T tmemClose
0000000000005620 0000000000000080 T mutexLock
00000000000056a0 0000000000000068 T mutexUnlock
0000000000005710 000000000000001c T mutexIsLockedByCurrentThread
0000000000005730 000000000000004c T rmutexLock
0000000000005780 000000000000001c T rmutexUnlock
00000000000057a0 0000000000000064 t _memregionInitWithInfo
0000000000005810 0000000000000004 W __libnx_virtmem_rng
0000000000005820 000000000000016c t _memregionFindRandom
0000000000005990 0000000000000120 T virtmemSetup
0000000000005ab0 000000000000000c T virtmemLock
0000000000005ac0 000000000000000c T virtmemUnlock
0000000000005ad0 0000000000000050 T virtmemFindAslr
0000000000005b20 000000000000000c T eventLoadRemote
0000000000005b30 0000000000000038 T eventWait
0000000000005b70 0000000000000050 T eventClose
0000000000005bc0 00000000000003d4 T randomGet
0000000000005fa0 0000000000000020 T randomGet64
0000000000005fc0 00000000000000c0 t _apmCleanup
0000000000006080 00000000000000fc t _apmCmdGetSession.constprop.0
0000000000006180 00000000000000a0 T apmInitialize
0000000000006220 0000000000000044 T apmExit
0000000000006270 00000000000000c8 T apmSetPerformanceConfiguration
0000000000006340 00000000000000d0 t _smCmifCmdInPid
0000000000006410 0000000000000068 t _smCleanup
0000000000006480 0000000000000048 T smAddOverrideHandle
00000000000064d0 0000000000000054 T smGetServiceOverride
0000000000006530 00000000000001c0 T smInitialize
00000000000066f0 0000000000000044 T smExit
0000000000006740 00000000000000d0 T smGetServiceOriginal
0000000000006810 0000000000000120 T smGetServiceWrapper
0000000000006930 0000000000000108 t _hidCleanup
0000000000006a40 00000000000000d8 t _hidCmdInAruidNoOut
0000000000006b20 00000000000000e4 t _hidCmdInU32AruidNoOut
0000000000006c10 00000000000001a8 t _hidGetStates
0000000000006dc0 0000000000000114 t _hidCreateAppletResource.constprop.0
0000000000006ee0 00000000000000c8 t _hidCmdGetHandle.constprop.0
0000000000006fb0 00000000000000dc T hidInitialize
0000000000007090 0000000000000044 T hidExit
00000000000070e0 000000000000000c T hidGetSharedmemAddr
00000000000070f0 0000000000000094 T hidGetNpadStyleSet
0000000000007190 000000000000006c T hidInitializeNpad
0000000000007200 00000000000000ac T hidGetNpadStatesFullKey
00000000000072b0 00000000000000ac T hidGetNpadStatesHandheld
0000000000007360 00000000000000ac T hidGetNpadStatesJoyDual
0000000000007410 00000000000000ac T hidGetNpadStatesJoyLeft
00000000000074c0 00000000000000ac T hidGetNpadStatesJoyRight
0000000000007570 0000000000000164 T hidGetNpadStatesGc
00000000000076e0 00000000000000b0 T hidGetNpadStatesSystemExt
0000000000007790 0000000000000008 T hidSetSupportedNpadStyleSet
00000000000077a0 0000000000000100 T hidSetSupportedNpadIdType
00000000000078a0 000000000000008c T framebufferMakeLinear
0000000000007930 0000000000000080 T framebufferClose
00000000000079b0 00000000000002b0 T framebufferCreate
0000000000007c60 0000000000000088 T framebufferBegin
0000000000007cf0 000000000000018c T framebufferEnd
0000000000007e80 000000000000000c T nwindowGetDefault
0000000000007e90 00000000000000b0 T __nx_win_init
0000000000007f40 0000000000000034 T __nx_win_exit
0000000000007f80 0000000000000024 T nwindowIsValid
0000000000007fb0 000000000000007c T nwindowClose
0000000000008030 00000000000000f4 T nwindowCreate
0000000000008130 0000000000000034 T nwindowCreateFromLayer
0000000000008170 0000000000000084 T nwindowSetDimensions
0000000000008200 000000000000018c T nwindowConfigureBuffer
0000000000008390 00000000000001e0 T nwindowDequeueBuffer
0000000000008570 000000000000013c T nwindowQueueBuffer
00000000000086b0 0000000000000094 T nwindowReleaseBuffers
0000000000008750 0000000000000154 T __nx_dynamic
00000000000088b0 00000000000000d4 W __libnx_initheap
0000000000008990 00000000000000ec W __appInit
0000000000008a80 0000000000000044 W __appExit
0000000000008ad0 000000000000002c W __libnx_init
0000000000008b00 0000000000000020 W __libnx_exit
0000000000008b20 0000000000000004 W __libnx_alloc
0000000000008b30 0000000000000014 W __libnx_aligned_alloc
0000000000008b50 0000000000000004 W __libnx_free
0000000000008b60 000000000000001c T __syscall_exit
0000000000008b80 0000000000000034 T __syscall_getreent
0000000000008bc0 0000000000000004 T __syscall_lock_acquire
0000000000008bd0 0000000000000004 T __syscall_lock_release
0000000000008be0 0000000000000004 T __syscall_lock_acquire_recursive
0000000000008bf0 0000000000000004 T __syscall_lock_release_recursive
0000000000008c00 000000000000001c T __syscall_cond_broadcast
0000000000008c20 000000000000003c T __syscall_cond_wait
0000000000008c60 0000000000000044 T __syscall_tls_create
0000000000008cb0 0000000000000018 T __syscall_tls_set
0000000000008cd0 0000000000000004 T __syscall_tls_get
0000000000008ce0 0000000000000018 T __syscall_tls_delete
0000000000008d00 0000000000000238 T __libnx_init_time
0000000000008f40 000000000000008c T __syscall_gettod_r
0000000000008fd0 000000000000009c T newlibSetup
0000000000009070 00000000000002f8 W argvSetup
0000000000009370 0000000000000014 t fsdev_link
0000000000009390 0000000000000014 t fsdev_dirreset
00000000000093b0 0000000000000014 t fsdev_chmod
00000000000093d0 0000000000000018 t error_cmp
00000000000093f0 0000000000000020 t fsdev_dirclose
0000000000009410 000000000000001c t fsdev_close
0000000000009430 0000000000000080 t fsdev_converttimetoutc
00000000000094b0 00000000000000e0 t fsdevFindDevice.part.0
0000000000009590 00000000000001c0 t fsdev_fixpath
0000000000009750 00000000000000a0 t _fsdevUnmountDeviceStruct.part.0
00000000000097f0 0000000000000014 t fsdev_fchmod
0000000000009810 0000000000000108 t fsdev_diropen
0000000000009920 00000000000000fc t fsdev_statvfs
0000000000009a20 000000000000007c t fsdev_fsync
0000000000009aa0 00000000000000f4 t fsdev_fstat
0000000000009ba0 0000000000000094 t fsdev_ftruncate
0000000000009c40 00000000000001fc t fsdev_stat
0000000000009e40 000000000000014c t fsdev_rename
0000000000009f90 0000000000000140 t fsdev_chdir
000000000000a0d0 00000000000000a4 t fsdev_mkdir
000000000000a180 00000000000000a4 t fsdev_unlink
000000000000a230 00000000000000a4 t fsdev_rmdir
000000000000a2e0 0000000000000144 t fsdev_write_safe
000000000000a430 000000000000013c t fsdev_read_safe
000000000000a570 0000000000000100 t fsdev_read
000000000000a670 00000000000001b8 t fsdev_dirnext
000000000000a830 0000000000000124 t fsdev_write
000000000000a960 00000000000000ec t fsdev_seek
000000000000aa50 0000000000000244 t fsdev_open
000000000000aca0 0000000000000224 T fsdevMountDevice
000000000000aed0 0000000000000040 T fsdevMountSdmc
000000000000af10 00000000000000c0 T __libnx_init_cwd
000000000000afd0 0000000000000064 T fsdevUnmountAll
000000000000b040 000000000000012c T decode_utf8
000000000000b16c T armDCacheFlush
000000000000b19c t armDCacheFlush_L0
000000000000b1b8 W __libnx_exception_entry
000000000000b244 t __libnx_exception_entry_start
000000000000b36c t __libnx_exception_entry_abort
000000000000b370 t __libnx_exception_entry_end
000000000000b378 T __libnx_exception_returnentry
000000000000b390 T __aarch64_read_tp
000000000000b3a0 0000000000000014 T shmemLoadRemote
000000000000b3c0 0000000000000088 T shmemMap
000000000000b450 0000000000000034 T shmemUnmap
000000000000b490 0000000000000044 T shmemClose
000000000000b4e0 0000000000000064 T condvarWaitTimeout
000000000000b550 00000000000000b0 T __libnx_init_thread
000000000000b600 0000000000000010 T threadTlsGet
000000000000b610 0000000000000010 T threadTlsSet
000000000000b620 00000000000000d8 T threadTlsAlloc
000000000000b700 0000000000000048 T threadTlsFree
000000000000b750 00000000000001dc t _viCleanup
000000000000b930 0000000000000100 t _viCmdGetSessionNoParams.constprop.0
000000000000ba30 00000000000000fc t _viCmdGetSession.constprop.0
000000000000bb30 000000000000028c T viInitialize
000000000000bdc0 0000000000000044 T viExit
000000000000be10 000000000000000c T viGetSession_IHOSBinderDriverRelay
000000000000be20 0000000000000110 T viOpenDisplay
000000000000bf30 00000000000000f4 T viCloseDisplay
000000000000c030 00000000000000fc T viCloseLayer
000000000000c130 0000000000000378 T viCreateLayer
000000000000c4b0 00000000000000d8 T viSetLayerScalingMode
000000000000c590 00000000000000d4 t _setsysGetFirmwareVersionImpl
000000000000c670 0000000000000068 t _setsysCleanup
000000000000c6e0 00000000000000a0 T setsysInitialize
000000000000c780 0000000000000044 T setsysExit
000000000000c7d0 0000000000000044 T setsysGetFirmwareVersion
000000000000c820 00000000000000b4 t _fsCleanup
000000000000c8e0 00000000000001a8 t _fsCmdNoIO
000000000000ca90 00000000000001d8 t _fsFsCmdWithInPath
000000000000cc70 00000000000001f4 t _fsFsCmdWithTwoInPaths
000000000000ce70 000000000000025c t _fsFsOpenCommon
000000000000d0d0 00000000000001ec t _fsFsCmdWithInPathAndOutU64
000000000000d2c0 00000000000000f4 t _fsObjectClose
000000000000d3c0 00000000000001f4 t _fsCmdGetSession.constprop.0
000000000000d5c0 00000000000002f8 T fsInitialize
000000000000d8c0 0000000000000044 T fsExit
000000000000d910 0000000000000008 T fsOpenSdCardFileSystem
000000000000d920 00000000000001f0 T fsFsCreateFile
000000000000db10 0000000000000008 T fsFsDeleteFile
000000000000db20 0000000000000008 T fsFsCreateDirectory
000000000000db30 0000000000000008 T fsFsDeleteDirectory
000000000000db40 0000000000000008 T fsFsRenameFile
000000000000db50 0000000000000008 T fsFsRenameDirectory
000000000000db60 00000000000001f0 T fsFsGetEntryType
000000000000dd50 0000000000000008 T fsFsOpenFile
000000000000dd60 0000000000000008 T fsFsOpenDirectory
000000000000dd70 0000000000000008 T fsFsGetFreeSpace
000000000000dd80 0000000000000008 T fsFsGetTotalSpace
000000000000dd90 0000000000000230 T fsFsGetFileTimeStampRaw
000000000000dfc0 0000000000000004 T fsFsClose
000000000000dfd0 0000000000000218 T fsFileRead
000000000000e1f0 0000000000000200 T fsFileWrite
000000000000e3f0 0000000000000008 T fsFileFlush
000000000000e400 00000000000001b8 T fsFileSetSize
000000000000e400 00000000000001b8 t fsFileSetSize.localalias
000000000000e5c0 00000000000001c4 T fsFileGetSize
000000000000e5c0 00000000000001c4 t fsFileGetSize.localalias
000000000000e790 0000000000000004 T fsFileClose
000000000000e7a0 0000000000000004 T fsDirClose
000000000000e7b0 00000000000001fc T fsDirRead
000000000000e9b0 00000000000000d0 t _nvSetClientPID
000000000000ea80 00000000000000c8 t _nvCleanup
000000000000eb50 00000000000000d8 t _nvCmdInitialize.constprop.0
000000000000ec30 000000000000001c W __nx_nv_create_tmem
000000000000ec50 0000000000000258 T nvInitialize
000000000000eeb0 0000000000000044 T nvExit
000000000000ef00 00000000000000f4 T nvConvertError
000000000000f000 0000000000000118 T nvOpen
000000000000f120 00000000000002fc T nvIoctl
000000000000f420 00000000000000d8 T nvClose
000000000000f500 0000000000000108 T nvQueryEvent
000000000000f610 0000000000000228 t _timeCleanup
000000000000f840 0000000000000100 t _timeCmdGetSession.constprop.0
000000000000f940 00000000000000cc t _timeGetSharedMemoryNativeHandle.constprop.0
000000000000fa10 00000000000000c4 t _timeCmdNoInOutU64.constprop.0.isra.0
000000000000fae0 0000000000000110 t _timeReadClockFromSharedMem
000000000000fbf0 0000000000000238 T timeInitialize
000000000000fe30 0000000000000044 T timeExit
000000000000fe80 0000000000000038 T timeGetServiceSession_SystemClock
000000000000fec0 0000000000000068 T timeGetCurrentTime
000000000000ff30 0000000000000110 T timeToCalendarTimeWithMyRule
0000000000010040 0000000000000104 T timeToPosixTimeWithMyRule
0000000000010150 000000000000007c t _nvFenceCleanup
00000000000101d0 0000000000000098 T nvFenceInit
0000000000010270 0000000000000044 T nvFenceExit
00000000000102c0 0000000000000240 T nvFenceWait
0000000000010500 0000000000000074 T nvMultiFenceWait
0000000000010580 00000000000000b4 T nvMapInit
0000000000010640 000000000000006c T nvMapExit
00000000000106b0 0000000000000080 T nvMapClose
0000000000010730 0000000000000154 T nvMapCreate
0000000000010890 0000000000000028 T nvioctlNvhostCtrl_EventSignal
00000000000108c0 0000000000000044 T nvioctlNvhostCtrl_EventWait
0000000000010910 0000000000000030 T nvioctlNvhostCtrl_EventWaitAsync
0000000000010940 0000000000000028 T nvioctlNvhostCtrl_EventRegister
0000000000010970 0000000000000028 T nvioctlNvhostCtrl_EventUnregister
00000000000109a0 0000000000000040 T nvioctlNvmap_Create
00000000000109e0 0000000000000038 T nvioctlNvmap_Alloc
0000000000010a20 0000000000000034 T nvioctlNvmap_Free
0000000000010a60 0000000000000040 T nvioctlNvmap_GetId
0000000000010aa0 00000000000000d8 T bqRequestBuffer
0000000000010b80 0000000000000160 T bqDequeueBuffer
0000000000010ce0 00000000000000dc T bqQueueBuffer
0000000000010dc0 0000000000000094 T bqCancelBuffer
0000000000010e60 00000000000000e4 T bqConnect
0000000000010f50 000000000000009c T bqDisconnect
0000000000010ff0 000000000000017c T bqSetPreallocatedBuffer
0000000000011170 000000000000001c T binderCreate
0000000000011190 00000000000003d0 T binderTransactParcel
0000000000011560 00000000000000e8 T binderConvertErrorCode
0000000000011650 0000000000000124 T binderAdjustRefcount
0000000000011780 0000000000000098 T binderInitSession
0000000000011820 0000000000000068 T binderClose
0000000000011890 0000000000000158 T binderGetNativeHandle
00000000000119f0 0000000000000030 T parcelCreate
0000000000011a20 000000000000019c T parcelTransact
0000000000011bc0 0000000000000088 T parcelWriteData
0000000000011c50 0000000000000098 T parcelReadData
0000000000011cf0 0000000000000020 T parcelWriteInt32
0000000000011d10 0000000000000020 T parcelWriteUInt32
0000000000011d30 000000000000007c T parcelWriteString16
0000000000011db0 0000000000000030 T parcelWriteInterfaceToken
0000000000011de0 0000000000000024 T parcelReadInt32
0000000000011e10 0000000000000068 T parcelReadFlattenedObject
0000000000011e80 000000000000004c T parcelWriteFlattenedObject
0000000000011ed0 00000000000000c4 T nxlinkSetup
0000000000011fa0 0000000000000178 T sessionmgrCreate
0000000000012120 0000000000000084 T sessionmgrClose
00000000000121b0 00000000000000b4 T sessionmgrAttachClient
0000000000012270 0000000000000070 T sessionmgrDetachClient
00000000000122e0 0000000000000068 T operator new(unsigned long)
0000000000012350 000000000000000c T std::bad_alloc::what() const
0000000000012360 0000000000000014 T std::bad_alloc::~bad_alloc()
0000000000012360 0000000000000014 T std::bad_alloc::~bad_alloc()
0000000000012380 0000000000000028 T std::bad_alloc::~bad_alloc()
00000000000123b0 0000000000000004 T operator delete(void*, unsigned long)
00000000000123c0 000000000000000c W __gnu_cxx::__concurrence_lock_error::what() const
00000000000123d0 000000000000000c W __gnu_cxx::__concurrence_unlock_error::what() const
00000000000123e0 0000000000000014 W __gnu_cxx::__concurrence_lock_error::~__concurrence_lock_error()
00000000000123e0 0000000000000014 W __gnu_cxx::__concurrence_lock_error::~__concurrence_lock_error()
0000000000012400 0000000000000038 W __gnu_cxx::__concurrence_lock_error::~__concurrence_lock_error()
0000000000012440 0000000000000014 W __gnu_cxx::__concurrence_unlock_error::~__concurrence_unlock_error()
0000000000012440 0000000000000014 W __gnu_cxx::__concurrence_unlock_error::~__concurrence_unlock_error()
0000000000012460 0000000000000038 W __gnu_cxx::__concurrence_unlock_error::~__concurrence_unlock_error()
00000000000124a0 0000000000000118 t (anonymous namespace)::pool::free(void*) [clone .constprop.0]
00000000000125c0 00000000000000c8 t (anonymous namespace)::pool::allocate(unsigned long) [clone .constprop.0]
0000000000012690 0000000000000058 T __cxa_allocate_exception
00000000000126f0 000000000000002c T __cxa_free_exception
0000000000012720 0000000000000004 T std::exception::~exception()
0000000000012720 0000000000000004 T std::exception::~exception()
0000000000012730 000000000000007c t get_adjusted_ptr(std::type_info const*, std::type_info const*, void**)
00000000000127b0 0000000000000140 t read_encoded_value_with_base(unsigned char, unsigned long, unsigned char const*, unsigned long*)
00000000000128f0 000000000000005c t base_of_encoded_value(unsigned char, _Unwind_Context*)
0000000000012950 0000000000000108 t check_exception_spec(lsda_header_info*, std::type_info const*, void*, long)
0000000000012a60 00000000000000e8 t parse_lsda_header(_Unwind_Context*, unsigned char const*, lsda_header_info*)
0000000000012b50 000000000000059c T __gxx_personality_v0
00000000000130f0 0000000000000018 T __cxxabiv1::__terminate(void (*)())
0000000000013110 0000000000000010 T std::get_terminate()
0000000000013120 0000000000000010 T std::terminate()
0000000000013130 0000000000000010 T __cxxabiv1::__unexpected(void (*)())
0000000000013140 0000000000000010 T std::get_unexpected()
0000000000013150 0000000000000010 T std::unexpected()
0000000000013160 0000000000000064 t __gxx_exception_cleanup(_Unwind_Reason_Code, _Unwind_Exception*)
00000000000131d0 0000000000000058 T __cxa_init_primary_exception
0000000000013230 0000000000000060 T __cxa_throw
0000000000013290 0000000000000010 T std::get_new_handler()
00000000000132a0 0000000000000014 T __cxxabiv1::__si_class_type_info::~__si_class_type_info()
00000000000132a0 0000000000000014 T __cxxabiv1::__si_class_type_info::~__si_class_type_info()
00000000000132c0 0000000000000028 T __cxxabiv1::__si_class_type_info::~__si_class_type_info()
00000000000132f0 000000000000015c T __cxxabiv1::__si_class_type_info::__do_dyncast(long, __cxxabiv1::__class_type_info::__sub_kind, __cxxabiv1::__class_type_info const*, void const*, __cxxabiv1::__class_type_info const*, void const*, __cxxabiv1::__class_type_info::__dyncast_result&) const
0000000000013450 000000000000008c T __cxxabiv1::__si_class_type_info::__do_find_public_src(long, void const*, __cxxabiv1::__class_type_info const*, void const*) const
00000000000134e0 0000000000000064 T __cxxabiv1::__si_class_type_info::__do_upcast(__cxxabiv1::__class_type_info const*, void const*, __cxxabiv1::__class_type_info::__upcast_result&) const
0000000000013550 0000000000000004 T std::type_info::~type_info()
0000000000013550 0000000000000004 T std::type_info::~type_info()
0000000000013560 0000000000000008 T std::type_info::__is_pointer_p() const
0000000000013560 0000000000000008 T std::type_info::__is_function_p() const
0000000000013570 000000000000006c T __cxxabiv1::__class_type_info::__do_upcast(__cxxabiv1::__class_type_info const*, void**) const
00000000000135e0 0000000000000010 T __cxxabiv1::__class_type_info::__do_find_public_src(long, void const*, __cxxabiv1::__class_type_info const*, void const*) const
00000000000135f0 0000000000000014 T __cxxabiv1::__class_type_info::~__class_type_info()
00000000000135f0 0000000000000014 T __cxxabiv1::__class_type_info::~__class_type_info()
0000000000013610 0000000000000028 T __cxxabiv1::__class_type_info::~__class_type_info()
0000000000013640 0000000000000078 T __cxxabiv1::__class_type_info::__do_upcast(__cxxabiv1::__class_type_info const*, void const*, __cxxabiv1::__class_type_info::__upcast_result&) const
00000000000136c0 00000000000000b8 T __cxxabiv1::__class_type_info::__do_catch(std::type_info const*, void**, unsigned int) const
0000000000013780 00000000000000f4 T __cxxabiv1::__class_type_info::__do_dyncast(long, __cxxabiv1::__class_type_info::__sub_kind, __cxxabiv1::__class_type_info const*, void const*, __cxxabiv1::__class_type_info const*, void const*, __cxxabiv1::__class_type_info::__dyncast_result&) const
0000000000013880 0000000000000004 T operator delete(void*)
0000000000013890 0000000000000044 T __cxa_call_terminate
00000000000138e0 000000000000009c T __cxa_begin_catch
0000000000013980 0000000000000044 t eh_globals_dtor(void*)
00000000000139d0 0000000000000078 T __cxa_get_globals
0000000000013a50 00000000000002ac t init_dwarf_reg_size_table
0000000000013d00 0000000000000160 t uw_install_context_1
0000000000013e60 0000000000000190 t read_encoded_value
0000000000013ff0 00000000000007a0 t execute_stack_op
0000000000014790 000000000000030c t uw_update_context_1
0000000000014aa0 0000000000000148 t uw_update_context
0000000000014bf0 000000000000078c t execute_cfa_program_specialized
0000000000015380 00000000000007c4 t execute_cfa_program_generic
0000000000015b50 0000000000000458 t uw_frame_state_for
0000000000015fb0 0000000000000370 t uw_init_context_1
0000000000016320 000000000000010c t _Unwind_RaiseException_Phase2
0000000000016430 0000000000000054 t _Unwind_SetGR
0000000000016490 0000000000000014 t _Unwind_GetIPInfo
00000000000164b0 0000000000000008 t _Unwind_SetIP
00000000000164c0 0000000000000008 t _Unwind_GetLanguageSpecificData
00000000000164d0 0000000000000008 t _Unwind_GetRegionStart
00000000000164e0 0000000000000008 t _Unwind_GetDataRelBase
00000000000164f0 0000000000000008 t _Unwind_GetTextRelBase
0000000000016500 0000000000000004 t _Unwind_DebugHook
0000000000016510 0000000000000174 t _Unwind_RaiseException
0000000000016690 000000000000001c t _Unwind_DeleteException
00000000000166b0 0000000000000018 t fde_unencoded_compare
00000000000166d0 000000000000002c t fde_unencoded_extract
0000000000016700 00000000000000dc t frame_downheap
00000000000167e0 0000000000000140 t read_encoded_value_with_base
0000000000016920 000000000000022c t fde_radixsort
0000000000016b50 0000000000000104 t __deregister_frame_info_bases.part.0
0000000000016c60 0000000000000120 t get_cie_encoding
0000000000016d80 00000000000000d0 t fde_mixed_encoding_extract
0000000000016e50 0000000000000204 t classify_object_over_fdes.constprop.0
0000000000017060 00000000000000bc t fde_single_encoding_extract
0000000000017120 00000000000000ac t fde_single_encoding_compare
00000000000171d0 0000000000000104 t fde_mixed_encoding_compare
00000000000172e0 0000000000000218 t add_fdes.isra.0
0000000000017500 0000000000000274 t linear_search_fdes
0000000000017780 0000000000000534 t search_object
0000000000017cc0 0000000000000074 t __register_frame_info
0000000000017d40 0000000000000018 t __deregister_frame_info
0000000000017d60 00000000000001dc t _Unwind_Find_FDE
0000000000017f40 0000000000000084 T printf
0000000000017fd0 000000000000003c T setenv
0000000000018010 00000000000000b8 T bsearch
00000000000180d0 0000000000000254 T _setenv_r
0000000000018330 0000000000000018 T abort
0000000000018350 00000000000000bc T sscanf
0000000000018410 0000000000000050 T __sread
0000000000018460 0000000000000008 T __seofread
0000000000018470 000000000000006c T __swrite
00000000000184e0 0000000000000050 T __sseek
0000000000018530 0000000000000008 T __sclose
0000000000018540 000000000000000c T __env_lock
0000000000018550 000000000000000c T __env_unlock
0000000000018560 000000000000002c T aligned_alloc
0000000000018590 0000000000000250 T setvbuf
00000000000187e0 0000000000000004 W __call_exitprocs
00000000000187f0 0000000000000124 T _malloc_trim_r
0000000000018920 00000000000002d8 T _free_r
0000000000018c00 0000000000000024 T malloc
0000000000018c30 0000000000000024 T free
0000000000018c54 0000000000000074 t get_arg
0000000000018cc8 0000000000002fdc T __ssvfscanf_r
000000000001bcb0 000000000000080c T _malloc_r
000000000001c4c0 000000000000002c T getenv
000000000001c4f0 00000000000000fc T _findenv_r
000000000001c5f0 000000000000000c T __malloc_lock
000000000001c600 000000000000000c T __malloc_unlock
000000000001c60c 0000000000000804 t get_arg
000000000001ce10 0000000000003c28 T _vfprintf_r
0000000000020a38 00000000000000d0 t __sbprintf
0000000000020b10 00000000000000a4 T _raise_r
0000000000020bc0 0000000000000024 T raise
0000000000020bf0 0000000000000200 T __sflush_r
0000000000020df0 00000000000000b8 T _fflush_r
0000000000020eb0 000000000000002c T gmtime
0000000000020ee0 0000000000000078 T strncat
0000000000020f60 00000000000002a0 T gmtime_r
0000000000021200 00000000000000a0 T _fwalk_sglue
00000000000212a0 0000000000000524 T _realloc_r
00000000000217d0 0000000000000090 T strncpy
0000000000021860 000000000000001c t stdio_exit_handler
0000000000021880 000000000000006c t cleanup_stdio
00000000000218f0 0000000000000140 t global_stdio_init.part.0
0000000000021a30 000000000000000c T __sfp_lock_acquire
0000000000021a40 000000000000000c T __sfp_lock_release
0000000000021a50 0000000000000054 T __sinit
0000000000021ab0 0000000000000054 t sulp
0000000000021b10 0000000000001184 T _strtod_l
0000000000022ca0 0000000000000050 T _strtod_r
0000000000022cf0 000000000000018c t _strtol_l.part.0
0000000000022e80 0000000000000070 T _strtol_r
0000000000022ef0 000000000000002c T realloc
0000000000022f1c 00000000000000d8 T memchr
0000000000023000 00000000000001a8 t _strtoul_l.isra.0
00000000000231b0 0000000000000044 T _strtoul_r
0000000000023200 0000000000000048 T strtoul
0000000000023280 00000000000001dc T memset
0000000000023460 000000000000002c T __locale_mb_cur_max
0000000000023490 0000000000000048 T time
0000000000023500 0000000000000110 T memcmp
0000000000023610 0000000000000008 T __localeconv_l
0000000000023620 0000000000000028 T _localeconv_r
0000000000023680 000000000000016c T memcpy
0000000000023800 00000000000000e4 T strcmp
00000000000238f0 00000000000000e4 T __utf8_wctomb
0000000000023a00 00000000000000ac T memmove
0000000000023ae4 00000000000000e0 T strnlen
0000000000023ba0 00000000000000dc T strchr
0000000000023c80 0000000000000140 T strlen
0000000000023dc0 00000000000000a4 T stpncpy
0000000000023e9c 00000000000001b8 T strncmp
0000000000024060 0000000000000094 T __libc_init_array
0000000000024100 0000000000000044 T __libc_fini_array
0000000000024150 0000000000000014 T __errno
0000000000024170 000000000000000c T nan
0000000000024180 000000000000000c T nanf
0000000000024190 0000000000000078 T frexp
0000000000024210 000000000000018c t _strtoll_l.isra.0
00000000000243a0 0000000000000044 T _strtoll_r
00000000000243f0 00000000000001a8 t _strtoull_l.isra.0
00000000000245a0 0000000000000044 T _strtoull_r
00000000000245f0 0000000000000008 T iswspace
0000000000024600 00000000000000f0 T _mbrtowc_r
00000000000246f0 0000000000000094 T __swhatbuf_r
0000000000024790 0000000000000104 T __smakebuf_r
00000000000248a0 00000000000000d8 T _wcrtomb_r
0000000000024980 0000000000000048 T iswspace_l
00000000000249d0 0000000000000010 T _wcsrtombs_r
00000000000249e0 0000000000000180 T _memalign_r
0000000000024b60 00000000000000a8 T sprintf
0000000000024c10 00000000000000d4 T __sccl
0000000000024cf0 0000000000000084 T category
0000000000024d74 0000000000000804 t get_arg
0000000000025578 0000000000000038 T __sprint_r
00000000000255b0 0000000000002984 T _vfiprintf_r
0000000000027f34 00000000000000d0 t __sbprintf
0000000000028004 00000000000001bc T __ssprint_r
00000000000281c0 00000000000000f0 T _sungetc_r
00000000000282b0 0000000000000070 T __ssrefill_r
0000000000028320 00000000000000e0 T _sfread_r
0000000000028400 000000000000012c T __swsetup_r
0000000000028530 0000000000000118 t rshift
0000000000028650 0000000000000814 T __gethex
0000000000028e70 00000000000001a4 t quorem
0000000000029020 0000000000001198 T _dtoa_r
000000000002a1c0 0000000000000138 T _fclose_r
000000000002a2f8 0000000000000804 t get_arg
000000000002aafc 0000000000003bac T _svfprintf_r
000000000002e6b0 0000000000000048 T __match
000000000002e700 0000000000000258 T __hexnan
000000000002e960 000000000000008c T _Balloc
000000000002e9f0 000000000000001c T _Bfree
000000000002ea10 0000000000000108 T __multadd
000000000002eb20 0000000000000130 T __s2b
000000000002ec50 0000000000000080 T __hi0bits
000000000002ecd0 000000000000009c T __lo0bits
000000000002ed70 000000000000004c T __i2b
000000000002edc0 00000000000001e4 T __multiply
000000000002efb0 0000000000000100 T __pow5mult
000000000002f0b0 0000000000000170 T __lshift
000000000002f220 0000000000000050 T __mcmp
000000000002f270 00000000000001cc T __mdiff
000000000002f440 0000000000000084 T __ulp
000000000002f4d0 0000000000000168 T __b2d
000000000002f640 000000000000015c T __d2b
000000000002f7a0 00000000000000ac T __ratio
000000000002f850 0000000000000068 T __copybits
000000000002f8c0 000000000000006c T __any_on
000000000002f930 00000000000004cc T __sfvwrite_r
000000000002fe00 00000000000002b8 T __utf8_mbtowc
00000000000300c0 00000000000001ac T _wcsnrtombs_l
0000000000030270 0000000000000074 T _wcsnrtombs_r
00000000000302f0 00000000000000b8 T __submore
00000000000303b0 00000000000000c0 T _calloc_r
0000000000030470 0000000000000064 T __assert_func
00000000000304e0 0000000000000084 T fiprintf
0000000000030570 0000000000000020 T _exit
0000000000030590 0000000000000170 T chdir
0000000000030700 000000000000021c T _concatenate_path
0000000000030920 0000000000000084 T _fstat_r
00000000000309b0 0000000000000014 T _getpid_r
00000000000309d0 0000000000000020 T __getreent
00000000000309f0 0000000000000024 T _gettimeofday_r
0000000000030a20 0000000000000050 T __get_handle
0000000000030a70 00000000000000f0 T _close_r
0000000000030b60 0000000000000008 t null_write
0000000000030b70 0000000000000018 T setDefaultDevice
0000000000030b90 0000000000000114 T FindDevice
0000000000030cb0 0000000000000034 T RemoveDevice
0000000000030cf0 00000000000000c8 T AddDevice
0000000000030dc0 0000000000000034 T GetDeviceOpTab
0000000000030e00 0000000000000008 T _isatty_r
0000000000030e10 0000000000000014 T _kill_r
0000000000030e30 0000000000000098 T _lseek_r
0000000000030ed0 000000000000006c T pthread_mutex_lock
0000000000030f40 000000000000006c T pthread_mutex_unlock
0000000000030fb0 00000000000000dc T pthread_once
0000000000031090 0000000000000024 T pthread_key_create
00000000000310c0 0000000000000018 T pthread_setspecific
00000000000310e0 0000000000000018 T pthread_getspecific
0000000000031100 0000000000000018 T pthread_key_delete
0000000000031120 00000000000000a4 T _read_r
00000000000311d0 0000000000000078 W _sbrk_r
0000000000031250 0000000000000014 T __libc_lock_acquire
0000000000031270 0000000000000014 T __libc_lock_release
0000000000031290 0000000000000014 T __libc_lock_acquire_recursive
00000000000312b0 0000000000000014 T __libc_lock_release_recursive
00000000000312d0 0000000000000018 T __libc_cond_broadcast
00000000000312f0 0000000000000018 T __libc_cond_wait
0000000000031310 00000000000000a4 T _write_r
00000000000313c0 0000000000000158 t __extenddftf2
0000000000031520 00000000000003c4 t __trunctfdf2
00000000000318f0 0000000000000070 t __sfp_handle_exceptions
0000000000031960 0000000000000100 T strrchr
0000000000031a60 T _init
0000000000031a98 T _fini
0000000000035480 0000000000000014 r CSWTCH.529
0000000000035580 0000000000000018 r grayScale
0000000000035598 0000000000000006 r colorCube
00000000000355a0 0000000000000030 r colorTable
00000000000355d0 R default_font_bin
00000000000375d0 R default_font_bin_end
00000000000375d0 0000000000000038 r g_nvColorFmtTable
0000000000037610 0000000000000020 r error_table
0000000000037640 0000000000000023 r g_bq_InterfaceDescriptor
00000000000376b0 000000000000000d V typeinfo name for std::bad_alloc
00000000000376c0 0000000000000027 V typeinfo name for __gnu_cxx::__concurrence_lock_error
00000000000376e8 0000000000000029 V typeinfo name for __gnu_cxx::__concurrence_unlock_error
0000000000037718 000000000000000d V typeinfo name for std::exception
0000000000037728 0000000000000020 V typeinfo name for __cxxabiv1::__forced_unwind
0000000000037748 0000000000000024 V typeinfo name for __cxxabiv1::__foreign_exception
0000000000037770 0000000000000025 V typeinfo name for __cxxabiv1::__si_class_type_info
0000000000037798 000000000000000d V typeinfo name for std::type_info
00000000000377a8 0000000000000022 V typeinfo name for __cxxabiv1::__class_type_info
00000000000378e8 0000000000000008 r terminator.0
0000000000037910 0000000000000101 R _ctype_
0000000000037b60 0000000000000022 r basefix.0
0000000000037c80 0000000000000010 r zeroes.0
0000000000037c90 0000000000000010 r blanks.1
0000000000037ca0 0000000000000014 r fpinan.0
0000000000037cb8 0000000000000014 r fpi.1
0000000000037cd0 0000000000000028 r tinytens
0000000000037d28 0000000000003528 r categories
000000000003b350 0000000000000010 r zeroes.0
000000000003b360 0000000000000010 r blanks.1
000000000003b370 000000000000006c R __action_table
000000000003b3e0 000000000000006c R __state_table
000000000003b450 0000000000000100 R __chclass
000000000003b550 0000000000000100 R __hexdig
000000000003b750 0000000000000010 r zeroes.0
000000000003b760 0000000000000010 r blanks.1
000000000003b770 000000000000000c r p05.0
000000000003b780 0000000000000028 R __mprec_bigtens
000000000003b7a8 00000000000000c8 R __mprec_tens
000000000003b870 r __tls_align
000000000003b8b0 r __EH_FRAME_BEGIN__
000000000003b8b0 r __eh_frame_hdr_end
000000000003b8b0 r __eh_frame_hdr_start
000000000004288c r __FRAME_END__
0000000000043000 d __frame_dummy_init_array_entry
0000000000043000 d __init_array_start
0000000000043000 d __preinit_array_end
0000000000043000 d __preinit_array_start
0000000000043000 d __relro_start
0000000000043018 d __do_global_dtors_aux_fini_array_entry
0000000000043018 d __fini_array_start
0000000000043018 d __init_array_end
0000000000043028 d __fini_array_end
0000000000043030 0000000000000038 d weekDays
0000000000043070 0000000000000060 d months
00000000000430d0 0000000000000100 d dotab_stdout
00000000000431d0 0000000000000100 d fsdev_devoptab
00000000000432d0 0000000000000100 D dotab_stdnull
00000000000433d0 0000000000000018 V typeinfo for std::bad_alloc
00000000000433e8 0000000000000028 V vtable for std::bad_alloc
0000000000043410 0000000000000018 V typeinfo for __gnu_cxx::__concurrence_lock_error
0000000000043428 0000000000000018 V typeinfo for __gnu_cxx::__concurrence_unlock_error
0000000000043440 0000000000000028 V vtable for __gnu_cxx::__concurrence_lock_error
0000000000043468 0000000000000028 V vtable for __gnu_cxx::__concurrence_unlock_error
0000000000043490 0000000000000010 V typeinfo for std::exception
00000000000434a0 0000000000000010 V typeinfo for __cxxabiv1::__forced_unwind
00000000000434b0 0000000000000010 V typeinfo for __cxxabiv1::__foreign_exception
00000000000434c0 0000000000000018 V typeinfo for __cxxabiv1::__si_class_type_info
00000000000434d8 0000000000000058 V vtable for __cxxabiv1::__si_class_type_info
0000000000043530 0000000000000010 V typeinfo for std::type_info
0000000000043540 0000000000000018 V typeinfo for __cxxabiv1::__class_type_info
0000000000043558 0000000000000058 V vtable for __cxxabiv1::__class_type_info
00000000000435b0 a _DYNAMIC
00000000000436d0 d __got_start__
00000000000436d0 a _GLOBAL_OFFSET_TABLE_
0000000000043a20 d __got_end__
0000000000044000 d __data_start
0000000000044000 0000000000000008 V __nx_applet_init_timeout
0000000000044008 0000000000000001 V __nx_applet_auto_notifyrunning
000000000004400c 0000000000000004 V __nx_applet_type
0000000000044010 0000000000000008 d currentConsole
0000000000044018 0000000000000050 d defaultConsole
0000000000044068 0000000000000088 d s_consoleSwRenderer
00000000000440f0 0000000000000008 V __nx_exception_stack_size
00000000000440f8 0000000000000001 V __nx_fsdev_support_cwd
00000000000440fc 0000000000000004 V __nx_fsdev_direntry_cache_size
0000000000044100 0000000000000004 d g_viServiceType
0000000000044104 0000000000000004 V __nx_vi_stray_layer_flags
0000000000044108 0000000000000004 V __nx_fs_num_sessions
000000000004410c 0000000000000004 V __nx_nv_transfermem_size
0000000000044110 0000000000000004 d g_ctrl_fd
0000000000044114 0000000000000004 d g_nvmap_fd
0000000000044118 0000000000000008 V DW.ref.__gxx_personality_v0
0000000000044120 0000000000000008 D __cxxabiv1::__unexpected_handler
0000000000044128 0000000000000008 D __cxxabiv1::__terminate_handler
0000000000044130 0000000000000008 D environ
0000000000044138 0000000000000008 D __malloc_sbrk_base
0000000000044140 0000000000000008 D __malloc_trim_threshold
0000000000044148 0000000000000810 D __malloc_av_
0000000000044958 0000000000000018 D __sglue
0000000000044970 00000000000001a8 D __global_locale
0000000000044b18 0000000000000008 D _impure_ptr
0000000000044b20 0000000000000160 D _impure_data
0000000000044c80 0000000000000400 d _current_working_directory
0000000000045080 0000000000002000 d handles
0000000000047080 0000000000000010 d __stderr_handle
0000000000047090 0000000000000010 d __stdout_handle
00000000000470a0 0000000000000010 d __stdin_handle
00000000000470b0 0000000000000118 D devoptab_list
00000000000471c8 0000000000000004 d defaultDevice
00000000000471d0 b __bss_start__
00000000000471d0 d __tdata_lma
00000000000471d0 d __tdata_lma_end
00000000000471d0 b completed.1
00000000000471d8 b object.0
0000000000047208 0000000000000008 B game
0000000000047210 0000000000000008 b g_appletGuard
0000000000047218 0000000000000001 b g_appletInfoInitialized
0000000000047220 0000000000000050 b g_appletInfo
0000000000047270 0000000000000004 b g_appletCpuBoostMode
0000000000047278 000000000000000c b g_appletLibraryAppletLaunchableEvent
0000000000047284 0000000000000001 b g_appletSuspendedTickInitialized
0000000000047288 0000000000000008 b g_appletSuspendedTick
0000000000047290 0000000000000008 b g_appletInitTickBase
0000000000047298 000000000000000c b g_appletSuspendedTickEvent
00000000000472a4 0000000000000001 b g_appletCopyrightInitialized
00000000000472a8 0000000000000028 b g_appletCopyrightTmem
00000000000472d0 0000000000000004 b g_appletRecordingInitialized
00000000000472d8 0000000000000028 b g_appletRecordingTmem
0000000000047300 0000000000000018 b g_appletFirstHook
0000000000047318 0000000000000001 b g_appletNotifiedRunning
0000000000047319 0000000000000001 b g_appletFocusState
000000000004731c 0000000000000004 b g_appletPerformanceMode
0000000000047320 0000000000000001 b g_appletOperationMode
0000000000047328 0000000000000008 b g_appletResourceUserId
0000000000047330 000000000000000c b g_appletMessageEvent
0000000000047340 0000000000000010 b g_appletIDebugFunctions
0000000000047350 0000000000000010 b g_appletIDisplayController
0000000000047360 0000000000000010 b g_appletIAudioController
0000000000047370 0000000000000010 b g_appletIWindowController
0000000000047380 0000000000000010 b g_appletISelfController
0000000000047390 0000000000000010 b g_appletICommonStateGetter
00000000000473a0 0000000000000010 b g_appletILibraryAppletCreator
00000000000473b0 0000000000000010 b g_appletIProcessWindingController
00000000000473c0 0000000000000010 b g_appletILibraryAppletSelfAccessor
00000000000473d0 0000000000000010 b g_appletIApplicationCreator
00000000000473e0 0000000000000010 b g_appletIGlobalStateController
00000000000473f0 0000000000000010 b g_appletIFunctions
0000000000047400 0000000000000010 b g_appletIAppletCommonFunctions
0000000000047410 0000000000000004 b g_appletExitProcessResult
0000000000047414 0000000000000001 b g_appletExitProcessFlag
0000000000047415 0000000000000001 b g_appletLeftInitialized
0000000000047418 0000000000000010 b g_appletProxySession
0000000000047428 0000000000000010 b g_appletSrv
0000000000047438 0000000000000004 V __nx_applet_exit_mode
0000000000047440 0000000000000008 V __nx_applet_PerformanceConfiguration
0000000000047448 0000000000000080 V __nx_applet_AppletAttribute
00000000000474c8 0000000000000004 b g_hosVersion
00000000000474d0 0000000000000008 b g_userIdStorage
00000000000474e0 0000000000000010 b g_randomSeed
00000000000474f0 0000000000000001 b g_hasRandomSeed
00000000000474f4 0000000000000004 b g_lastLoadResult
00000000000474f8 0000000000000008 b g_nextLoadArgv
0000000000047500 0000000000000008 b g_nextLoadPath
0000000000047508 0000000000000004 b g_processHandle
0000000000047510 0000000000000018 b g_syscallHints
0000000000047528 0000000000000008 b g_overrideArgv
0000000000047530 0000000000000008 b g_overrideHeapSize
0000000000047538 0000000000000008 b g_overrideHeapAddr
0000000000047540 0000000000000008 b g_loaderRetAddr
0000000000047548 0000000000000004 b g_mainThreadHandle
0000000000047550 0000000000000008 b g_loaderInfoSize
0000000000047558 0000000000000008 b g_loaderInfo
0000000000047560 0000000000000001 b g_isNso
0000000000047561 0000000000000001 b didFirstConsoleInit.0
0000000000047568 0000000000000050 b currentCopy
00000000000475b8 B __stack_top
00000000000475c0 0000000000000001 b g_IsLegacyKernel
00000000000475c8 0000000000000008 b g_Reservations
00000000000475d0 0000000000000010 b g_StackRegion
00000000000475e0 0000000000000010 b g_AslrRegion
00000000000475f0 0000000000000010 b g_HeapRegion
0000000000047600 0000000000000010 b g_AliasRegion
0000000000047610 0000000000000004 b g_VirtmemMutex
0000000000047614 0000000000000004 b g_randMutex
0000000000047618 0000000000000001 b g_randInit
0000000000047620 0000000000000040 b g_chacha
0000000000047660 0000000000000008 b g_apmGuard
0000000000047668 0000000000000010 b g_apmISession
0000000000047678 0000000000000010 b g_apmSrv
0000000000047688 0000000000000008 b g_smGuard
0000000000047690 0000000000000008 b g_smOverridesNum
0000000000047698 0000000000000180 b g_smOverrides
0000000000047818 0000000000000010 b g_smSrv
0000000000047828 0000000000000008 b g_hidGuard
0000000000047830 0000000000000008 b g_sevenSixAxisSensorBuffer
0000000000047838 0000000000000020 b g_hidSharedmem
0000000000047858 0000000000000010 b g_hidIActiveVibrationDeviceList
0000000000047868 0000000000000010 b g_hidIAppletResource
0000000000047878 0000000000000010 b g_hidSrv
0000000000047888 0000000000000080 b g_defaultWin
0000000000047908 0000000000000010 b g_viLayer
0000000000047918 0000000000000050 b g_viDisplay
0000000000047970 0000000000000340 B __nx_exceptiondump
0000000000047cb0 0000000000000004 V __nx_exception_ignoredebug
0000000000047cc0 0000000000000400 V __nx_exception_stack
00000000000480c0 0000000000000008 V __nx_heap_size
00000000000480c8 0000000000000008 b __bootticks
00000000000480d0 0000000000000008 b __boottime
00000000000480d8 0000000000000004 V __nx_time_type
00000000000480e0 0000000000000008 b g_argv_empty
00000000000480e8 0000000000000008 B __system_argv
00000000000480f0 0000000000000004 B __system_argc
00000000000480f8 0000000000002800 b fsdev_fsdevices
000000000004a8f8 0000000000000004 b fsdev_fsdevice_cwd
000000000004a8fc 0000000000000001 b fsdev_initialised
000000000004a900 00000000000000d8 b g_tlsDestructors
000000000004a9d8 0000000000000008 b g_tlsUsageMask
000000000004a9e0 0000000000000038 b g_mainThread
000000000004aa18 0000000000000008 b g_threadList
000000000004aa20 0000000000000004 b g_threadMutex
000000000004aa28 0000000000000008 b g_viGuard
000000000004aa30 0000000000000010 b g_viIHOSBinderDriverIndirect
000000000004aa40 0000000000000010 b g_viIManagerDisplayService
000000000004aa50 0000000000000010 b g_viISystemDisplayService
000000000004aa60 0000000000000010 b g_viIHOSBinderDriverRelay
000000000004aa70 0000000000000010 b g_viIApplicationDisplayService
000000000004aa80 0000000000000010 b g_viRootService
000000000004aa90 0000000000000008 V __nx_vi_layer_id
000000000004aa98 0000000000000008 b g_setsysGuard
000000000004aaa0 0000000000000010 b g_setsysSrv
000000000004aab0 0000000000000008 b g_fsGuard
000000000004aac0 0000000000000054 b g_fsSessionMgr
000000000004ab18 0000000000000010 b g_fsSrv
000000000004ab28 0000000000000008 b g_nvGuard
000000000004ab30 0000000000000028 b g_nvTransfermem
000000000004ab58 0000000000000010 b g_nvSrvClone
000000000004ab68 0000000000000010 b g_nvSrv
000000000004ab78 0000000000000008 b g_timeGuard
000000000004ab80 0000000000000020 b g_timeSharedmem
000000000004aba0 0000000000000010 b g_timeLocalSystemClock
000000000004abb0 0000000000000010 b g_timeTimeZoneService
000000000004abc0 0000000000000010 b g_timeSteadyClock
000000000004abd0 0000000000000010 b g_timeNetworkSystemClock
000000000004abe0 0000000000000010 b g_timeUserSystemClock
000000000004abf0 0000000000000010 b g_timeSrv
000000000004ac00 0000000000000004 V __nx_time_service_type
000000000004ac08 0000000000000008 b g_nvFenceGuard
000000000004ac10 0000000000000300 b g_NvEvents
000000000004af10 0000000000000008 b g_NvEventUsedMask
000000000004af18 0000000000000008 b g_nvMapGuard
000000000004af20 0000000000000004 B __nxlink_host
000000000004af30 0000000000000028 b (anonymous namespace)::emergency_pool
000000000004af58 0000000000000008 b (anonymous namespace)::__new_handler
000000000004af60 0000000000000004 b init
000000000004af64 0000000000000001 B __eh_globals_init::_S_init
000000000004af68 0000000000000010 b (anonymous namespace)::eh_globals
000000000004af78 0000000000000004 b once_regsizes.0
000000000004af80 0000000000000062 b dwarf_reg_size_table
000000000004afe8 0000000000000010 b object_mutex
000000000004aff8 0000000000000008 b seen_objects
000000000004b000 0000000000000008 b unseen_objects
000000000004b008 0000000000000004 b alloced.0
000000000004b010 0000000000000008 b initial_env
000000000004b018 000000000000000c b __env_recursive_mutex
000000000004b028 0000000000000028 B __malloc_current_mallinfo
000000000004b050 0000000000000008 B __malloc_max_total_mem
000000000004b058 0000000000000008 B __malloc_max_sbrked_mem
000000000004b060 0000000000000008 B __malloc_top_pad
000000000004b068 000000000000000c b __malloc_recursive_mutex
000000000004b078 000000000000000c b __sfp_recursive_mutex
000000000004b088 0000000000000228 B __sf
000000000004b2b0 0000000000000008 B __stdio_exit_handler
000000000004b2c0 0000000000000400 b temp_cwd
000000000004b6c0 0000000000000004 b __hndl_lock
000000000004b6c8 0000000000000008 B fake_heap_start
000000000004b6d0 0000000000000008 B fake_heap_end
000000000004b6d8 0000000000000004 b __pthread_once_cv
000000000004b6dc 0000000000000004 b __pthread_once_lock
000000000004b6e0 0000000000000008 b heap_start.0
000000000004b6e8 b __tls_start
000000000004baf8 b __bss_end__
000000000004baf8 a __end__
000000000004baf8 b __tls_end
000000000004c000 a __argdata__
